18:47:26.501 INFO  manager.ApplicationManager - All tests start in  ChromeDriver
18:47:31.926 INFO  TestBase - Start test with name:loginSuccess
18:47:31.929 INFO  TestBase - Start checking authorisation
18:47:31.932 INFO  manager.ListenerWD - Before find elements By ----> By.xpath: //a[text()=' Logout ']
18:47:36.992 INFO  manager.ListenerWD - After find elements By ----> By.xpath: //a[text()=' Logout ']
18:47:36.999 INFO  manager.ListenerWD - List size ---0
18:47:37.000 INFO  TestBase - Test has not needed logout
18:47:37.021 INFO  TestBase - Login success started with data: 423090@gmail.compasswordYy12345$
18:47:37.023 INFO  manager.ListenerWD - Before find element By ----> By.cssSelector: a[href ^='/login']
18:47:37.074 INFO  manager.ListenerWD - After find element By ----> By.cssSelector: a[href ^='/login']
18:47:37.259 INFO  manager.ListenerWD - Before find element By ----> By.id: email
18:47:37.293 INFO  manager.ListenerWD - After find element By ----> By.id: email
18:47:37.573 INFO  manager.ListenerWD - Before find element By ----> By.id: password
18:47:37.606 INFO  manager.ListenerWD - After find element By ----> By.id: password
18:47:37.748 INFO  manager.ListenerWD - Before find element By ----> By.cssSelector: button[type='submit']
18:47:37.783 INFO  manager.ListenerWD - After find element By ----> By.cssSelector: button[type='submit']
18:47:37.841 INFO  manager.ListenerWD - Before find element By ----> By.cssSelector: button[type='submit']
18:47:37.872 INFO  manager.ListenerWD - After find element By ----> By.cssSelector: button[type='submit']
18:47:40.975 INFO  manager.ListenerWD - Before find element By ----> By.cssSelector: div.dialog-container
18:47:41.002 INFO  manager.ListenerWD - After find element By ----> By.cssSelector: div.dialog-container
18:47:41.028 INFO  manager.ListenerWD - Before find element By ----> By.cssSelector: h2.message
18:47:41.056 INFO  manager.ListenerWD - After find element By ----> By.cssSelector: h2.message
18:47:41.081 INFO  TestBase - Assert passed
18:47:41.084 INFO  manager.ListenerWD - Before find elements By ----> By.xpath: //button[text()='Ok']
18:47:41.114 INFO  manager.ListenerWD - After find elements By ----> By.xpath: //button[text()='Ok']
18:47:41.115 INFO  manager.ListenerWD - List size ---1
18:47:42.123 INFO  manager.ListenerWD - Before find element By ----> By.xpath: //button[text()='Ok']
18:47:42.153 INFO  manager.ListenerWD - After find element By ----> By.xpath: //button[text()='Ok']
18:47:42.200 INFO  TestBase - Start test with name:loginSuccess
18:47:42.202 INFO  TestBase - Start checking authorisation
18:47:42.202 INFO  manager.ListenerWD - Before find elements By ----> By.xpath: //a[text()=' Logout ']
18:47:42.231 INFO  manager.ListenerWD - After find elements By ----> By.xpath: //a[text()=' Logout ']
18:47:42.231 INFO  manager.ListenerWD - List size ---1
18:47:43.239 INFO  manager.ListenerWD - Before find element By ----> By.xpath: //a[text()=' Logout ']
18:47:43.266 INFO  manager.ListenerWD - After find element By ----> By.xpath: //a[text()=' Logout ']
18:47:43.337 INFO  TestBase - Test has needed logout
18:47:43.338 INFO  TestBase - Login success started with data: 423090@gmail.compasswordYy12345$
18:47:43.338 INFO  manager.ListenerWD - Before find element By ----> By.cssSelector: a[href ^='/login']
18:47:43.360 INFO  manager.ListenerWD - After find element By ----> By.cssSelector: a[href ^='/login']
18:47:43.419 INFO  manager.ListenerWD - Before find element By ----> By.id: email
18:47:43.442 INFO  manager.ListenerWD - After find element By ----> By.id: email
18:47:43.722 INFO  manager.ListenerWD - Before find element By ----> By.id: password
18:47:43.753 INFO  manager.ListenerWD - After find element By ----> By.id: password
18:47:43.904 INFO  manager.ListenerWD - Before find element By ----> By.cssSelector: button[type='submit']
18:47:43.935 INFO  manager.ListenerWD - After find element By ----> By.cssSelector: button[type='submit']
18:47:43.997 INFO  manager.ListenerWD - Before find element By ----> By.cssSelector: button[type='submit']
18:47:44.036 INFO  manager.ListenerWD - After find element By ----> By.cssSelector: button[type='submit']
18:47:47.136 INFO  manager.ListenerWD - Before find element By ----> By.cssSelector: div.dialog-container
18:47:47.211 INFO  manager.ListenerWD - After find element By ----> By.cssSelector: div.dialog-container
18:47:47.267 INFO  manager.ListenerWD - Before find element By ----> By.cssSelector: h2.message
18:47:47.298 INFO  manager.ListenerWD - After find element By ----> By.cssSelector: h2.message
18:47:47.325 INFO  TestBase - Assert passed
18:47:47.327 INFO  manager.ListenerWD - Before find elements By ----> By.xpath: //button[text()='Ok']
18:47:47.356 INFO  manager.ListenerWD - After find elements By ----> By.xpath: //button[text()='Ok']
18:47:47.356 INFO  manager.ListenerWD - List size ---1
18:47:48.361 INFO  manager.ListenerWD - Before find element By ----> By.xpath: //button[text()='Ok']
18:47:48.395 INFO  manager.ListenerWD - After find element By ----> By.xpath: //button[text()='Ok']
18:47:48.448 INFO  TestBase - Start test with name:loginSuccess
18:47:48.450 INFO  TestBase - Start checking authorisation
18:47:48.450 INFO  manager.ListenerWD - Before find elements By ----> By.xpath: //a[text()=' Logout ']
18:47:48.473 INFO  manager.ListenerWD - After find elements By ----> By.xpath: //a[text()=' Logout ']
18:47:48.474 INFO  manager.ListenerWD - List size ---1
18:47:49.476 INFO  manager.ListenerWD - Before find element By ----> By.xpath: //a[text()=' Logout ']
18:47:49.523 INFO  manager.ListenerWD - After find element By ----> By.xpath: //a[text()=' Logout ']
18:47:49.598 INFO  TestBase - Test has needed logout
18:47:49.598 INFO  TestBase - Login success started with data: 423090@gmail.compasswordYy12345$
18:47:49.599 INFO  manager.ListenerWD - Before find element By ----> By.cssSelector: a[href ^='/login']
18:47:49.623 INFO  manager.ListenerWD - After find element By ----> By.cssSelector: a[href ^='/login']
18:47:49.726 INFO  manager.ListenerWD - Before find element By ----> By.id: email
18:47:49.749 INFO  manager.ListenerWD - After find element By ----> By.id: email
18:47:49.932 INFO  manager.ListenerWD - Before find element By ----> By.id: password
18:47:49.965 INFO  manager.ListenerWD - After find element By ----> By.id: password
18:47:50.207 INFO  manager.ListenerWD - Before find element By ----> By.cssSelector: button[type='submit']
18:47:50.288 INFO  manager.ListenerWD - After find element By ----> By.cssSelector: button[type='submit']
18:47:50.335 INFO  manager.ListenerWD - Before find element By ----> By.cssSelector: button[type='submit']
18:47:50.362 INFO  manager.ListenerWD - After find element By ----> By.cssSelector: button[type='submit']
18:47:53.437 INFO  manager.ListenerWD - Before find element By ----> By.cssSelector: div.dialog-container
18:47:53.497 INFO  manager.ListenerWD - After find element By ----> By.cssSelector: div.dialog-container
18:47:53.559 INFO  manager.ListenerWD - Before find element By ----> By.cssSelector: h2.message
18:47:53.609 INFO  manager.ListenerWD - After find element By ----> By.cssSelector: h2.message
18:47:53.635 INFO  TestBase - Assert passed
18:47:53.636 INFO  manager.ListenerWD - Before find elements By ----> By.xpath: //button[text()='Ok']
18:47:53.666 INFO  manager.ListenerWD - After find elements By ----> By.xpath: //button[text()='Ok']
18:47:53.666 INFO  manager.ListenerWD - List size ---1
18:47:54.677 INFO  manager.ListenerWD - Before find element By ----> By.xpath: //button[text()='Ok']
18:47:54.739 INFO  manager.ListenerWD - After find element By ----> By.xpath: //button[text()='Ok']
18:47:54.961 INFO  TestBase - Start test with name:loginSuccessModels
18:47:54.963 INFO  TestBase - Start checking authorisation
18:47:54.964 INFO  manager.ListenerWD - Before find elements By ----> By.xpath: //a[text()=' Logout ']
18:47:55.047 INFO  manager.ListenerWD - After find elements By ----> By.xpath: //a[text()=' Logout ']
18:47:55.047 INFO  manager.ListenerWD - List size ---1
18:47:56.057 INFO  manager.ListenerWD - Before find element By ----> By.xpath: //a[text()=' Logout ']
18:47:56.117 INFO  manager.ListenerWD - After find element By ----> By.xpath: //a[text()=' Logout ']
18:47:56.326 INFO  TestBase - Test has needed logout
18:47:56.327 INFO  TestBase - test started------------Login success Model
18:47:56.328 INFO  manager.ListenerWD - Before find element By ----> By.cssSelector: a[href ^='/login']
18:47:56.350 INFO  manager.ListenerWD - After find element By ----> By.cssSelector: a[href ^='/login']
18:47:56.409 INFO  manager.ListenerWD - Before find element By ----> By.id: email
18:47:56.430 INFO  manager.ListenerWD - After find element By ----> By.id: email
18:47:56.636 INFO  manager.ListenerWD - Before find element By ----> By.id: password
18:47:56.659 INFO  manager.ListenerWD - After find element By ----> By.id: password
18:47:56.890 INFO  manager.ListenerWD - Before find element By ----> By.id: email
18:47:56.915 INFO  manager.ListenerWD - After find element By ----> By.id: email
18:47:57.469 INFO  manager.ListenerWD - Before find element By ----> By.id: password
18:47:57.489 INFO  manager.ListenerWD - After find element By ----> By.id: password
18:47:57.651 INFO  manager.ListenerWD - Before find element By ----> By.cssSelector: button[type='submit']
18:47:57.672 INFO  manager.ListenerWD - After find element By ----> By.cssSelector: button[type='submit']
18:47:57.723 INFO  manager.ListenerWD - Before find element By ----> By.cssSelector: button[type='submit']
18:47:57.757 INFO  manager.ListenerWD - After find element By ----> By.cssSelector: button[type='submit']
18:47:57.833 INFO  manager.ListenerWD - Before find element By ----> By.cssSelector: div.dialog-container
18:47:58.262 INFO  manager.ListenerWD - After find element By ----> By.cssSelector: div.dialog-container
18:47:58.323 INFO  manager.ListenerWD - Before find element By ----> By.cssSelector: h2.message
18:47:58.376 INFO  manager.ListenerWD - After find element By ----> By.cssSelector: h2.message
18:47:58.407 INFO  TestBase - Assert (Models) message 'Logged in success' present
18:47:58.408 INFO  manager.ListenerWD - Before find elements By ----> By.xpath: //button[text()='Ok']
18:47:58.441 INFO  manager.ListenerWD - After find elements By ----> By.xpath: //button[text()='Ok']
18:47:58.442 INFO  manager.ListenerWD - List size ---1
18:47:59.449 INFO  manager.ListenerWD - Before find element By ----> By.xpath: //button[text()='Ok']
18:47:59.479 INFO  manager.ListenerWD - After find element By ----> By.xpath: //button[text()='Ok']
18:47:59.539 INFO  TestBase - Start test with name:loginSuccessModelsDP
18:47:59.540 INFO  TestBase - Start checking authorisation
18:47:59.540 INFO  manager.ListenerWD - Before find elements By ----> By.xpath: //a[text()=' Logout ']
18:47:59.561 INFO  manager.ListenerWD - After find elements By ----> By.xpath: //a[text()=' Logout ']
18:47:59.561 INFO  manager.ListenerWD - List size ---1
18:48:00.565 INFO  manager.ListenerWD - Before find element By ----> By.xpath: //a[text()=' Logout ']
18:48:00.628 INFO  manager.ListenerWD - After find element By ----> By.xpath: //a[text()=' Logout ']
18:48:00.792 INFO  TestBase - Test has needed logout
18:48:00.812 INFO  TestBase - Login scenario success was used dataUser{name='null', lastname='null', email='423090@gmail.com', password='Yy12345$', phone='null'}
18:48:00.813 INFO  manager.ListenerWD - Before find element By ----> By.cssSelector: a[href ^='/login']
18:48:00.832 INFO  manager.ListenerWD - After find element By ----> By.cssSelector: a[href ^='/login']
18:48:00.931 INFO  manager.ListenerWD - Before find element By ----> By.id: email
18:48:00.960 INFO  manager.ListenerWD - After find element By ----> By.id: email
18:48:01.268 INFO  manager.ListenerWD - Before find element By ----> By.id: password
18:48:01.300 INFO  manager.ListenerWD - After find element By ----> By.id: password
18:48:01.579 INFO  manager.ListenerWD - Before find element By ----> By.cssSelector: button[type='submit']
18:48:01.603 INFO  manager.ListenerWD - After find element By ----> By.cssSelector: button[type='submit']
18:48:01.639 INFO  manager.ListenerWD - Before find element By ----> By.cssSelector: button[type='submit']
18:48:01.668 INFO  manager.ListenerWD - After find element By ----> By.cssSelector: button[type='submit']
18:48:01.754 INFO  manager.ListenerWD - Before find element By ----> By.cssSelector: div.dialog-container
18:48:02.150 INFO  manager.ListenerWD - After find element By ----> By.cssSelector: div.dialog-container
18:48:02.204 INFO  manager.ListenerWD - Before find element By ----> By.cssSelector: h2.message
18:48:02.255 INFO  manager.ListenerWD - After find element By ----> By.cssSelector: h2.message
18:48:02.288 INFO  TestBase - Assert (Models) message 'Logged in success' present
18:48:02.290 INFO  manager.ListenerWD - Before find elements By ----> By.xpath: //button[text()='Ok']
18:48:02.320 INFO  manager.ListenerWD - After find elements By ----> By.xpath: //button[text()='Ok']
18:48:02.320 INFO  manager.ListenerWD - List size ---1
18:48:03.321 INFO  manager.ListenerWD - Before find element By ----> By.xpath: //button[text()='Ok']
18:48:03.378 INFO  manager.ListenerWD - After find element By ----> By.xpath: //button[text()='Ok']
18:48:03.516 INFO  TestBase - Start test with name:loginSuccessModelsDP
18:48:03.518 INFO  TestBase - Start checking authorisation
18:48:03.519 INFO  manager.ListenerWD - Before find elements By ----> By.xpath: //a[text()=' Logout ']
18:48:03.588 INFO  manager.ListenerWD - After find elements By ----> By.xpath: //a[text()=' Logout ']
18:48:03.588 INFO  manager.ListenerWD - List size ---1
18:48:04.592 INFO  manager.ListenerWD - Before find element By ----> By.xpath: //a[text()=' Logout ']
18:48:04.636 INFO  manager.ListenerWD - After find element By ----> By.xpath: //a[text()=' Logout ']
18:48:04.829 INFO  TestBase - Test has needed logout
18:48:04.829 INFO  TestBase - Login scenario success was used dataUser{name='null', lastname='null', email='423090@gmail.com', password='Yy12345$', phone='null'}
18:48:04.829 INFO  manager.ListenerWD - Before find element By ----> By.cssSelector: a[href ^='/login']
18:48:04.849 INFO  manager.ListenerWD - After find element By ----> By.cssSelector: a[href ^='/login']
18:48:04.944 INFO  manager.ListenerWD - Before find element By ----> By.id: email
18:48:04.973 INFO  manager.ListenerWD - After find element By ----> By.id: email
18:48:05.229 INFO  manager.ListenerWD - Before find element By ----> By.id: password
18:48:05.248 INFO  manager.ListenerWD - After find element By ----> By.id: password
18:48:05.390 INFO  manager.ListenerWD - Before find element By ----> By.cssSelector: button[type='submit']
18:48:05.409 INFO  manager.ListenerWD - After find element By ----> By.cssSelector: button[type='submit']
18:48:05.481 INFO  manager.ListenerWD - Before find element By ----> By.cssSelector: button[type='submit']
18:48:05.511 INFO  manager.ListenerWD - After find element By ----> By.cssSelector: button[type='submit']
18:48:05.583 INFO  manager.ListenerWD - Before find element By ----> By.cssSelector: div.dialog-container
18:48:05.973 INFO  manager.ListenerWD - After find element By ----> By.cssSelector: div.dialog-container
18:48:06.004 INFO  manager.ListenerWD - Before find element By ----> By.cssSelector: h2.message
18:48:06.031 INFO  manager.ListenerWD - After find element By ----> By.cssSelector: h2.message
18:48:06.060 INFO  TestBase - Assert (Models) message 'Logged in success' present
18:48:06.063 INFO  manager.ListenerWD - Before find elements By ----> By.xpath: //button[text()='Ok']
18:48:06.095 INFO  manager.ListenerWD - After find elements By ----> By.xpath: //button[text()='Ok']
18:48:06.096 INFO  manager.ListenerWD - List size ---1
18:48:07.101 INFO  manager.ListenerWD - Before find element By ----> By.xpath: //button[text()='Ok']
18:48:07.128 INFO  manager.ListenerWD - After find element By ----> By.xpath: //button[text()='Ok']
18:48:07.187 INFO  TestBase - Start test with name:loginSuccessModelsDP
18:48:07.188 INFO  TestBase - Start checking authorisation
18:48:07.188 INFO  manager.ListenerWD - Before find elements By ----> By.xpath: //a[text()=' Logout ']
18:48:07.214 INFO  manager.ListenerWD - After find elements By ----> By.xpath: //a[text()=' Logout ']
18:48:07.214 INFO  manager.ListenerWD - List size ---1
18:48:08.218 INFO  manager.ListenerWD - Before find element By ----> By.xpath: //a[text()=' Logout ']
18:48:08.260 INFO  manager.ListenerWD - After find element By ----> By.xpath: //a[text()=' Logout ']
18:48:08.369 INFO  TestBase - Test has needed logout
18:48:08.371 INFO  TestBase - Login scenario success was used dataUser{name='null', lastname='null', email='423090@gmail.com', password='Yy12345$', phone='null'}
18:48:08.372 INFO  manager.ListenerWD - Before find element By ----> By.cssSelector: a[href ^='/login']
18:48:08.420 INFO  manager.ListenerWD - After find element By ----> By.cssSelector: a[href ^='/login']
18:48:08.497 INFO  manager.ListenerWD - Before find element By ----> By.id: email
18:48:08.523 INFO  manager.ListenerWD - After find element By ----> By.id: email
18:48:08.835 INFO  manager.ListenerWD - Before find element By ----> By.id: password
18:48:08.866 INFO  manager.ListenerWD - After find element By ----> By.id: password
18:48:09.112 INFO  manager.ListenerWD - Before find element By ----> By.cssSelector: button[type='submit']
18:48:09.145 INFO  manager.ListenerWD - After find element By ----> By.cssSelector: button[type='submit']
18:48:09.205 INFO  manager.ListenerWD - Before find element By ----> By.cssSelector: button[type='submit']
18:48:09.236 INFO  manager.ListenerWD - After find element By ----> By.cssSelector: button[type='submit']
18:48:09.320 INFO  manager.ListenerWD - Before find element By ----> By.cssSelector: div.dialog-container
18:48:09.990 INFO  manager.ListenerWD - After find element By ----> By.cssSelector: div.dialog-container
18:48:10.014 INFO  manager.ListenerWD - Before find element By ----> By.cssSelector: h2.message
18:48:10.033 INFO  manager.ListenerWD - After find element By ----> By.cssSelector: h2.message
18:48:10.053 INFO  TestBase - Assert (Models) message 'Logged in success' present
18:48:10.054 INFO  manager.ListenerWD - Before find elements By ----> By.xpath: //button[text()='Ok']
18:48:10.077 INFO  manager.ListenerWD - After find elements By ----> By.xpath: //button[text()='Ok']
18:48:10.077 INFO  manager.ListenerWD - List size ---1
18:48:11.083 INFO  manager.ListenerWD - Before find element By ----> By.xpath: //button[text()='Ok']
18:48:11.138 INFO  manager.ListenerWD - After find element By ----> By.xpath: //button[text()='Ok']
18:48:11.275 INFO  TestBase - Start test with name:negativeWrongEmail
18:48:11.278 INFO  TestBase - Start checking authorisation
18:48:11.279 INFO  manager.ListenerWD - Before find elements By ----> By.xpath: //a[text()=' Logout ']
18:48:11.337 INFO  manager.ListenerWD - After find elements By ----> By.xpath: //a[text()=' Logout ']
18:48:11.337 INFO  manager.ListenerWD - List size ---1
18:48:12.339 INFO  manager.ListenerWD - Before find element By ----> By.xpath: //a[text()=' Logout ']
18:48:12.394 INFO  manager.ListenerWD - After find element By ----> By.xpath: //a[text()=' Logout ']
18:48:12.608 INFO  TestBase - Test has needed logout
18:48:12.610 INFO  TestBase - Negative test(wrong email) started-----
18:48:12.610 INFO  manager.ListenerWD - Before find element By ----> By.cssSelector: a[href ^='/login']
18:48:12.633 INFO  manager.ListenerWD - After find element By ----> By.cssSelector: a[href ^='/login']
18:48:12.724 INFO  manager.ListenerWD - Before find element By ----> By.id: email
18:48:12.752 INFO  manager.ListenerWD - After find element By ----> By.id: email
18:48:12.992 INFO  manager.ListenerWD - Before find element By ----> By.id: password
18:48:13.011 INFO  manager.ListenerWD - After find element By ----> By.id: password
18:48:13.223 INFO  TestBase - User login with wrong email:   423090@gmail
18:48:13.223 INFO  manager.ListenerWD - Before find element By ----> By.cssSelector: button[type='submit']
18:48:13.259 INFO  manager.ListenerWD - After find element By ----> By.cssSelector: button[type='submit']
18:48:13.353 INFO  manager.ListenerWD - Before find element By ----> By.cssSelector: div.dialog-container
18:48:13.692 INFO  manager.ListenerWD - After find element By ----> By.cssSelector: div.dialog-container
18:48:15.763 INFO  manager.ListenerWD - Before find element By ----> By.cssSelector: div.dialog-container>h1
18:48:15.830 INFO  manager.ListenerWD - After find element By ----> By.cssSelector: div.dialog-container>h1
18:48:15.887 INFO  TestBase - Assert passed - message 'Authorization error' present
18:48:15.891 INFO  manager.ListenerWD - Before find elements By ----> By.xpath: //button[text()='Ok']
18:48:15.949 INFO  manager.ListenerWD - After find elements By ----> By.xpath: //button[text()='Ok']
18:48:15.949 INFO  manager.ListenerWD - List size ---1
18:48:16.951 INFO  manager.ListenerWD - Before find element By ----> By.xpath: //button[text()='Ok']
18:48:16.997 INFO  manager.ListenerWD - After find element By ----> By.xpath: //button[text()='Ok']
18:48:17.133 INFO  TestBase - Start test with name:negativeWrongPassword
18:48:17.134 INFO  TestBase - Start checking authorisation
18:48:17.134 INFO  manager.ListenerWD - Before find elements By ----> By.xpath: //a[text()=' Logout ']
18:48:22.205 INFO  manager.ListenerWD - After find elements By ----> By.xpath: //a[text()=' Logout ']
18:48:22.205 INFO  manager.ListenerWD - List size ---0
18:48:22.205 INFO  TestBase - Test has not needed logout
18:48:22.207 INFO  TestBase - Negative test(wrong password) started-----
18:48:22.207 INFO  manager.ListenerWD - Before find element By ----> By.cssSelector: a[href ^='/login']
18:48:22.235 INFO  manager.ListenerWD - After find element By ----> By.cssSelector: a[href ^='/login']
18:48:22.299 INFO  manager.ListenerWD - Before find element By ----> By.id: email
18:48:22.323 INFO  manager.ListenerWD - After find element By ----> By.id: email
18:48:22.497 INFO  manager.ListenerWD - Before find element By ----> By.id: password
18:48:22.517 INFO  manager.ListenerWD - After find element By ----> By.id: password
18:48:22.654 INFO  TestBase - User login with wrong password:   Wwow12345$
18:48:22.655 INFO  manager.ListenerWD - Before find element By ----> By.cssSelector: button[type='submit']
18:48:22.678 INFO  manager.ListenerWD - After find element By ----> By.cssSelector: button[type='submit']
18:48:22.718 INFO  manager.ListenerWD - Before find element By ----> By.cssSelector: div.dialog-container
18:48:23.428 INFO  manager.ListenerWD - After find element By ----> By.cssSelector: div.dialog-container
18:48:25.506 INFO  manager.ListenerWD - Before find element By ----> By.cssSelector: div.dialog-container>h1
18:48:25.564 INFO  manager.ListenerWD - After find element By ----> By.cssSelector: div.dialog-container>h1
18:48:25.618 INFO  TestBase - Assert passed - message 'Authorization error' present
18:48:25.621 INFO  manager.ListenerWD - Before find elements By ----> By.xpath: //button[text()='Ok']
18:48:25.670 INFO  manager.ListenerWD - After find elements By ----> By.xpath: //button[text()='Ok']
18:48:25.671 INFO  manager.ListenerWD - List size ---1
18:48:26.686 INFO  manager.ListenerWD - Before find element By ----> By.xpath: //button[text()='Ok']
18:48:26.711 INFO  manager.ListenerWD - After find element By ----> By.xpath: //button[text()='Ok']
18:48:26.797 INFO  TestBase - Start test with name:registrationSuccess
18:48:26.798 INFO  manager.ListenerWD - Before find elements By ----> By.xpath: //a[text()=' Logout ']
18:48:31.817 INFO  manager.ListenerWD - After find elements By ----> By.xpath: //a[text()=' Logout ']
18:48:31.817 INFO  manager.ListenerWD - List size ---0
18:48:31.831 INFO  manager.ListenerWD - Before find element By ----> By.xpath: //a[text()='Sign up']
18:48:31.896 INFO  manager.ListenerWD - After find element By ----> By.xpath: //a[text()='Sign up']
18:48:32.567 INFO  manager.ListenerWD - Before find element By ----> By.id: name
18:48:32.590 INFO  manager.ListenerWD - After find element By ----> By.id: name
18:48:32.743 INFO  manager.ListenerWD - Before find element By ----> By.id: lastName
18:48:32.783 INFO  manager.ListenerWD - After find element By ----> By.id: lastName
18:48:32.936 INFO  manager.ListenerWD - Before find element By ----> By.id: email
18:48:32.957 INFO  manager.ListenerWD - After find element By ----> By.id: email
18:48:33.211 INFO  manager.ListenerWD - Before find element By ----> By.id: password
18:48:33.243 INFO  manager.ListenerWD - After find element By ----> By.id: password
18:48:33.508 INFO  manager.ListenerWD - Before find element By ----> By.cssSelector: label[for='terms-of-use']
18:48:33.546 INFO  manager.ListenerWD - After find element By ----> By.cssSelector: label[for='terms-of-use']
18:48:33.768 INFO  manager.ListenerWD - Before find element By ----> By.cssSelector: button[type='submit']
18:48:33.822 INFO  manager.ListenerWD - After find element By ----> By.cssSelector: button[type='submit']
18:48:33.889 INFO  manager.ListenerWD - Before find element By ----> By.cssSelector: button[type='submit']
18:48:33.915 INFO  manager.ListenerWD - After find element By ----> By.cssSelector: button[type='submit']
18:48:34.006 INFO  manager.ListenerWD - Before find element By ----> By.cssSelector: div.dialog-container
18:48:34.543 INFO  manager.ListenerWD - After find element By ----> By.cssSelector: div.dialog-container
18:48:36.616 INFO  manager.ListenerWD - Before find element By ----> By.cssSelector: div.dialog-container>h1
18:48:36.670 INFO  manager.ListenerWD - After find element By ----> By.cssSelector: div.dialog-container>h1
18:48:36.733 INFO  TestBase - Start test with name:success
18:48:36.735 INFO  manager.ListenerWD - Before find elements By ----> By.xpath: //a[text()=' Logout ']
18:48:36.788 INFO  manager.ListenerWD - After find elements By ----> By.xpath: //a[text()=' Logout ']
18:48:36.788 INFO  manager.ListenerWD - List size ---1
18:48:37.312 INFO  manager.ListenerWD - Before find element By ----> By.id: 1
18:48:37.385 INFO  manager.ListenerWD - After find element By ----> By.id: 1
18:48:42.508 INFO  manager.ListenerWD - We have a 'PROBLEM'
18:48:42.510 INFO  manager.ListenerWD - The name of error method ---click
18:48:42.521 INFO  manager.ListenerWD - Describe of error ---org.openqa.selenium.ElementNotInteractableException: element not interactable
  (Session info: chrome=107.0.5304.63)
Build info: version: '4.4.0', revision: 'e5c75ed026a'
System info: host: 'LAPTOP-MOSO9MHA', ip: '192.168.1.12', os.name: 'Windows 10', os.arch: 'amd64', os.version: '10.0', java.version: '11.0.16.1'
Driver info: org.openqa.selenium.chrome.ChromeDriver
Command: [28595980f6c37601109af37c17bdf876, clickElement {id=3c39c24e-09ae-4961-b384-b1d2f2607363}]
Capabilities {acceptInsecureCerts: false, browserName: chrome, browserVersion: 107.0.5304.63, chrome: {chromedriverVersion: 106.0.5249.61 (511755355844..., userDataDir: C:\Users\User\AppData\Local...}, goog:chromeOptions: {debuggerAddress: localhost:51512}, networkConnectionEnabled: false, pageLoadStrategy: normal, platformName: WINDOWS, proxy: Proxy(), se:cdp: ws://localhost:51512/devtoo..., se:cdpVersion: 107.0.5304.63, setWindowRect: true, strictFileInteractability: false, timeouts: {implicit: 0, pageLoad: 300000, script: 30000}, unhandledPromptBehavior: dismiss and notify, webauthn:extension:credBlob: true, webauthn:extension:largeBlob: true, webauthn:virtualAuthenticators: true}
Element: [[ChromeDriver: chrome on WINDOWS (28595980f6c37601109af37c17bdf876)] -> id: 1]
Session ID: 28595980f6c37601109af37c17bdf876
18:48:42.522 INFO  manager.ListenerWD - **********
18:48:42.523 INFO  manager.ListenerWD - [[ChromeDriver: chrome on WINDOWS (28595980f6c37601109af37c17bdf876)] -> id: 1]
18:48:42.542 INFO  manager.ListenerWD - Screen with error is :1620  src/test/screenshots/screen1620.png
18:48:42.562 INFO  manager.ListenerWD - Before find element By ----> By.xpath: //button[text()='Search cars']
18:48:47.637 INFO  manager.ListenerWD - We have a 'PROBLEM'
18:48:47.638 INFO  manager.ListenerWD - The name of error method ---findElement
18:48:47.639 INFO  manager.ListenerWD - Describe of error ---org.openqa.selenium.NoSuchElementException: no such element: Unable to locate element: {"method":"xpath","selector":"//button[text()='Search cars']"}
  (Session info: chrome=107.0.5304.63)
For documentation on this error, please visit: https://selenium.dev/exceptions/#no_such_element
Build info: version: '4.4.0', revision: 'e5c75ed026a'
System info: host: 'LAPTOP-MOSO9MHA', ip: '192.168.1.12', os.name: 'Windows 10', os.arch: 'amd64', os.version: '10.0', java.version: '11.0.16.1'
Driver info: org.openqa.selenium.chrome.ChromeDriver
Command: [28595980f6c37601109af37c17bdf876, findElement {using=xpath, value=//button[text()='Search cars']}]
Capabilities {acceptInsecureCerts: false, browserName: chrome, browserVersion: 107.0.5304.63, chrome: {chromedriverVersion: 106.0.5249.61 (511755355844..., userDataDir: C:\Users\User\AppData\Local...}, goog:chromeOptions: {debuggerAddress: localhost:51512}, networkConnectionEnabled: false, pageLoadStrategy: normal, platformName: WINDOWS, proxy: Proxy(), se:cdp: ws://localhost:51512/devtoo..., se:cdpVersion: 107.0.5304.63, setWindowRect: true, strictFileInteractability: false, timeouts: {implicit: 0, pageLoad: 300000, script: 30000}, unhandledPromptBehavior: dismiss and notify, webauthn:extension:credBlob: true, webauthn:extension:largeBlob: true, webauthn:virtualAuthenticators: true}
Session ID: 28595980f6c37601109af37c17bdf876
18:48:47.640 INFO  manager.ListenerWD - **********
18:48:47.641 INFO  manager.ListenerWD - ChromeDriver: chrome on WINDOWS (28595980f6c37601109af37c17bdf876)
18:48:47.641 INFO  manager.ListenerWD - Screen with error is :1824  src/test/screenshots/screen1824.png
18:48:48.884 INFO  TestBase - Start test with name:searchAnyPeriod
18:48:48.887 INFO  manager.ListenerWD - Before find element By ----> By.cssSelector: a[href='/search']
18:48:48.923 INFO  manager.ListenerWD - After find element By ----> By.cssSelector: a[href='/search']
18:48:53.989 INFO  manager.ListenerWD - We have a 'PROBLEM'
18:48:53.989 INFO  manager.ListenerWD - The name of error method ---click
18:48:53.990 INFO  manager.ListenerWD - Describe of error ---org.openqa.selenium.ElementNotInteractableException: element not interactable
  (Session info: chrome=107.0.5304.63)
Build info: version: '4.4.0', revision: 'e5c75ed026a'
System info: host: 'LAPTOP-MOSO9MHA', ip: '192.168.1.12', os.name: 'Windows 10', os.arch: 'amd64', os.version: '10.0', java.version: '11.0.16.1'
Driver info: org.openqa.selenium.chrome.ChromeDriver
Command: [28595980f6c37601109af37c17bdf876, clickElement {id=d6981ab9-590f-4f30-8f36-e01d5652bdd2}]
Capabilities {acceptInsecureCerts: false, browserName: chrome, browserVersion: 107.0.5304.63, chrome: {chromedriverVersion: 106.0.5249.61 (511755355844..., userDataDir: C:\Users\User\AppData\Local...}, goog:chromeOptions: {debuggerAddress: localhost:51512}, networkConnectionEnabled: false, pageLoadStrategy: normal, platformName: WINDOWS, proxy: Proxy(), se:cdp: ws://localhost:51512/devtoo..., se:cdpVersion: 107.0.5304.63, setWindowRect: true, strictFileInteractability: false, timeouts: {implicit: 0, pageLoad: 300000, script: 30000}, unhandledPromptBehavior: dismiss and notify, webauthn:extension:credBlob: true, webauthn:extension:largeBlob: true, webauthn:virtualAuthenticators: true}
Element: [[ChromeDriver: chrome on WINDOWS (28595980f6c37601109af37c17bdf876)] -> css selector: a[href='/search']]
Session ID: 28595980f6c37601109af37c17bdf876
18:48:53.990 INFO  manager.ListenerWD - **********
18:48:53.991 INFO  manager.ListenerWD - [[ChromeDriver: chrome on WINDOWS (28595980f6c37601109af37c17bdf876)] -> css selector: a[href='/search']]
18:48:53.991 INFO  manager.ListenerWD - Screen with error is :1255  src/test/screenshots/screen1255.png
18:48:55.584 INFO  manager.ApplicationManager - All tests start in  ChromeDriver
18:48:59.085 INFO  TestBase - Start test with name:loginSuccess
18:48:59.086 INFO  TestBase - Start checking authorisation
18:48:59.088 INFO  manager.ListenerWD - Before find elements By ----> By.xpath: //a[text()=' Logout ']
18:49:04.104 INFO  manager.ListenerWD - After find elements By ----> By.xpath: //a[text()=' Logout ']
18:49:04.104 INFO  manager.ListenerWD - List size ---0
18:49:04.104 INFO  TestBase - Test has not needed logout
18:49:04.105 INFO  TestBase - Login success started with data: 423090@gmail.compasswordYy12345$
18:49:04.105 INFO  manager.ListenerWD - Before find element By ----> By.cssSelector: a[href ^='/login']
18:49:04.122 INFO  manager.ListenerWD - After find element By ----> By.cssSelector: a[href ^='/login']
18:49:04.187 INFO  manager.ListenerWD - Before find element By ----> By.id: email
18:49:04.207 INFO  manager.ListenerWD - After find element By ----> By.id: email
18:49:04.374 INFO  manager.ListenerWD - Before find element By ----> By.id: password
18:49:04.395 INFO  manager.ListenerWD - After find element By ----> By.id: password
18:49:04.520 INFO  manager.ListenerWD - Before find element By ----> By.cssSelector: button[type='submit']
18:49:04.538 INFO  manager.ListenerWD - After find element By ----> By.cssSelector: button[type='submit']
18:49:04.572 INFO  manager.ListenerWD - Before find element By ----> By.cssSelector: button[type='submit']
18:49:04.592 INFO  manager.ListenerWD - After find element By ----> By.cssSelector: button[type='submit']
18:49:07.651 INFO  manager.ListenerWD - Before find element By ----> By.cssSelector: div.dialog-container
18:49:07.670 INFO  manager.ListenerWD - After find element By ----> By.cssSelector: div.dialog-container
18:49:07.689 INFO  manager.ListenerWD - Before find element By ----> By.cssSelector: h2.message
18:49:07.706 INFO  manager.ListenerWD - After find element By ----> By.cssSelector: h2.message
18:49:07.722 INFO  TestBase - Assert passed
18:49:07.722 INFO  manager.ListenerWD - Before find elements By ----> By.xpath: //button[text()='Ok']
18:49:07.757 INFO  manager.ListenerWD - After find elements By ----> By.xpath: //button[text()='Ok']
18:49:07.757 INFO  manager.ListenerWD - List size ---1
18:49:08.768 INFO  manager.ListenerWD - Before find element By ----> By.xpath: //button[text()='Ok']
18:49:08.787 INFO  manager.ListenerWD - After find element By ----> By.xpath: //button[text()='Ok']
18:49:08.831 INFO  TestBase - Start test with name:loginSuccess
18:49:08.831 INFO  TestBase - Start checking authorisation
18:49:08.831 INFO  manager.ListenerWD - Before find elements By ----> By.xpath: //a[text()=' Logout ']
18:49:08.848 INFO  manager.ListenerWD - After find elements By ----> By.xpath: //a[text()=' Logout ']
18:49:08.848 INFO  manager.ListenerWD - List size ---1
18:49:09.850 INFO  manager.ListenerWD - Before find element By ----> By.xpath: //a[text()=' Logout ']
18:49:09.881 INFO  manager.ListenerWD - After find element By ----> By.xpath: //a[text()=' Logout ']
18:49:09.960 INFO  TestBase - Test has needed logout
18:49:09.960 INFO  TestBase - Login success started with data: 423090@gmail.compasswordYy12345$
18:49:09.960 INFO  manager.ListenerWD - Before find element By ----> By.cssSelector: a[href ^='/login']
18:49:09.976 INFO  manager.ListenerWD - After find element By ----> By.cssSelector: a[href ^='/login']
18:49:10.030 INFO  manager.ListenerWD - Before find element By ----> By.id: email
18:49:10.047 INFO  manager.ListenerWD - After find element By ----> By.id: email
18:49:10.197 INFO  manager.ListenerWD - Before find element By ----> By.id: password
18:49:10.212 INFO  manager.ListenerWD - After find element By ----> By.id: password
18:49:10.333 INFO  manager.ListenerWD - Before find element By ----> By.cssSelector: button[type='submit']
18:49:10.349 INFO  manager.ListenerWD - After find element By ----> By.cssSelector: button[type='submit']
18:49:10.379 INFO  manager.ListenerWD - Before find element By ----> By.cssSelector: button[type='submit']
18:49:10.397 INFO  manager.ListenerWD - After find element By ----> By.cssSelector: button[type='submit']
18:49:13.465 INFO  manager.ListenerWD - Before find element By ----> By.cssSelector: div.dialog-container
18:49:13.492 INFO  manager.ListenerWD - After find element By ----> By.cssSelector: div.dialog-container
18:49:13.526 INFO  manager.ListenerWD - Before find element By ----> By.cssSelector: h2.message
18:49:13.561 INFO  manager.ListenerWD - After find element By ----> By.cssSelector: h2.message
18:49:13.597 INFO  TestBase - Assert passed
18:49:13.598 INFO  manager.ListenerWD - Before find elements By ----> By.xpath: //button[text()='Ok']
18:49:13.624 INFO  manager.ListenerWD - After find elements By ----> By.xpath: //button[text()='Ok']
18:49:13.624 INFO  manager.ListenerWD - List size ---1
18:49:14.626 INFO  manager.ListenerWD - Before find element By ----> By.xpath: //button[text()='Ok']
18:49:14.654 INFO  manager.ListenerWD - After find element By ----> By.xpath: //button[text()='Ok']
18:49:14.697 INFO  TestBase - Start test with name:loginSuccess
18:49:14.698 INFO  TestBase - Start checking authorisation
18:49:14.698 INFO  manager.ListenerWD - Before find elements By ----> By.xpath: //a[text()=' Logout ']
18:49:14.714 INFO  manager.ListenerWD - After find elements By ----> By.xpath: //a[text()=' Logout ']
18:49:14.714 INFO  manager.ListenerWD - List size ---1
18:49:15.726 INFO  manager.ListenerWD - Before find element By ----> By.xpath: //a[text()=' Logout ']
18:49:15.781 INFO  manager.ListenerWD - After find element By ----> By.xpath: //a[text()=' Logout ']
18:49:15.874 INFO  TestBase - Test has needed logout
18:49:15.874 INFO  TestBase - Login success started with data: 423090@gmail.compasswordYy12345$
18:49:15.874 INFO  manager.ListenerWD - Before find element By ----> By.cssSelector: a[href ^='/login']
18:49:15.895 INFO  manager.ListenerWD - After find element By ----> By.cssSelector: a[href ^='/login']
18:49:15.971 INFO  manager.ListenerWD - Before find element By ----> By.id: email
18:49:15.988 INFO  manager.ListenerWD - After find element By ----> By.id: email
18:49:16.279 INFO  manager.ListenerWD - Before find element By ----> By.id: password
18:49:16.300 INFO  manager.ListenerWD - After find element By ----> By.id: password
18:49:16.443 INFO  manager.ListenerWD - Before find element By ----> By.cssSelector: button[type='submit']
18:49:16.463 INFO  manager.ListenerWD - After find element By ----> By.cssSelector: button[type='submit']
18:49:16.494 INFO  manager.ListenerWD - Before find element By ----> By.cssSelector: button[type='submit']
18:49:16.510 INFO  manager.ListenerWD - After find element By ----> By.cssSelector: button[type='submit']
18:49:19.566 INFO  manager.ListenerWD - Before find element By ----> By.cssSelector: div.dialog-container
18:49:19.610 INFO  manager.ListenerWD - After find element By ----> By.cssSelector: div.dialog-container
18:49:19.647 INFO  manager.ListenerWD - Before find element By ----> By.cssSelector: h2.message
18:49:19.664 INFO  manager.ListenerWD - After find element By ----> By.cssSelector: h2.message
18:49:19.684 INFO  TestBase - Assert passed
18:49:19.686 INFO  manager.ListenerWD - Before find elements By ----> By.xpath: //button[text()='Ok']
18:49:19.704 INFO  manager.ListenerWD - After find elements By ----> By.xpath: //button[text()='Ok']
18:49:19.704 INFO  manager.ListenerWD - List size ---1
18:49:20.711 INFO  manager.ListenerWD - Before find element By ----> By.xpath: //button[text()='Ok']
18:49:20.771 INFO  manager.ListenerWD - After find element By ----> By.xpath: //button[text()='Ok']
18:49:20.862 INFO  TestBase - Start test with name:loginSuccessModels
18:49:20.864 INFO  TestBase - Start checking authorisation
18:49:20.864 INFO  manager.ListenerWD - Before find elements By ----> By.xpath: //a[text()=' Logout ']
18:49:20.884 INFO  manager.ListenerWD - After find elements By ----> By.xpath: //a[text()=' Logout ']
18:49:20.884 INFO  manager.ListenerWD - List size ---1
18:49:21.889 INFO  manager.ListenerWD - Before find element By ----> By.xpath: //a[text()=' Logout ']
18:49:21.917 INFO  manager.ListenerWD - After find element By ----> By.xpath: //a[text()=' Logout ']
18:49:21.992 INFO  TestBase - Test has needed logout
18:49:21.993 INFO  TestBase - test started------------Login success Model
18:49:21.993 INFO  manager.ListenerWD - Before find element By ----> By.cssSelector: a[href ^='/login']
18:49:22.011 INFO  manager.ListenerWD - After find element By ----> By.cssSelector: a[href ^='/login']
18:49:22.082 INFO  manager.ListenerWD - Before find element By ----> By.id: email
18:49:22.101 INFO  manager.ListenerWD - After find element By ----> By.id: email
18:49:22.279 INFO  manager.ListenerWD - Before find element By ----> By.id: password
18:49:22.300 INFO  manager.ListenerWD - After find element By ----> By.id: password
18:49:22.456 INFO  manager.ListenerWD - Before find element By ----> By.id: email
18:49:22.486 INFO  manager.ListenerWD - After find element By ----> By.id: email
18:49:22.661 INFO  manager.ListenerWD - Before find element By ----> By.id: password
18:49:22.679 INFO  manager.ListenerWD - After find element By ----> By.id: password
18:49:22.821 INFO  manager.ListenerWD - Before find element By ----> By.cssSelector: button[type='submit']
18:49:22.838 INFO  manager.ListenerWD - After find element By ----> By.cssSelector: button[type='submit']
18:49:22.867 INFO  manager.ListenerWD - Before find element By ----> By.cssSelector: button[type='submit']
18:49:22.882 INFO  manager.ListenerWD - After find element By ----> By.cssSelector: button[type='submit']
18:49:22.927 INFO  manager.ListenerWD - Before find element By ----> By.cssSelector: div.dialog-container
18:49:23.339 INFO  manager.ListenerWD - After find element By ----> By.cssSelector: div.dialog-container
18:49:23.386 INFO  manager.ListenerWD - Before find element By ----> By.cssSelector: h2.message
18:49:23.411 INFO  manager.ListenerWD - After find element By ----> By.cssSelector: h2.message
18:49:23.442 INFO  TestBase - Assert (Models) message 'Logged in success' present
18:49:23.443 INFO  manager.ListenerWD - Before find elements By ----> By.xpath: //button[text()='Ok']
18:49:23.466 INFO  manager.ListenerWD - After find elements By ----> By.xpath: //button[text()='Ok']
18:49:23.466 INFO  manager.ListenerWD - List size ---1
18:49:24.470 INFO  manager.ListenerWD - Before find element By ----> By.xpath: //button[text()='Ok']
18:49:24.495 INFO  manager.ListenerWD - After find element By ----> By.xpath: //button[text()='Ok']
18:49:24.565 INFO  TestBase - Start test with name:loginSuccessModelsDP
18:49:24.567 INFO  TestBase - Start checking authorisation
18:49:24.568 INFO  manager.ListenerWD - Before find elements By ----> By.xpath: //a[text()=' Logout ']
18:49:24.593 INFO  manager.ListenerWD - After find elements By ----> By.xpath: //a[text()=' Logout ']
18:49:24.594 INFO  manager.ListenerWD - List size ---1
18:49:25.600 INFO  manager.ListenerWD - Before find element By ----> By.xpath: //a[text()=' Logout ']
18:49:25.617 INFO  manager.ListenerWD - After find element By ----> By.xpath: //a[text()=' Logout ']
18:49:25.709 INFO  TestBase - Test has needed logout
18:49:25.710 INFO  TestBase - Login scenario success was used dataUser{name='null', lastname='null', email='423090@gmail.com', password='Yy12345$', phone='null'}
18:49:25.710 INFO  manager.ListenerWD - Before find element By ----> By.cssSelector: a[href ^='/login']
18:49:25.730 INFO  manager.ListenerWD - After find element By ----> By.cssSelector: a[href ^='/login']
18:49:25.796 INFO  manager.ListenerWD - Before find element By ----> By.id: email
18:49:25.812 INFO  manager.ListenerWD - After find element By ----> By.id: email
18:49:25.996 INFO  manager.ListenerWD - Before find element By ----> By.id: password
18:49:26.020 INFO  manager.ListenerWD - After find element By ----> By.id: password
18:49:26.172 INFO  manager.ListenerWD - Before find element By ----> By.cssSelector: button[type='submit']
18:49:26.191 INFO  manager.ListenerWD - After find element By ----> By.cssSelector: button[type='submit']
18:49:26.225 INFO  manager.ListenerWD - Before find element By ----> By.cssSelector: button[type='submit']
18:49:26.245 INFO  manager.ListenerWD - After find element By ----> By.cssSelector: button[type='submit']
18:49:26.308 INFO  manager.ListenerWD - Before find element By ----> By.cssSelector: div.dialog-container
18:49:26.775 INFO  manager.ListenerWD - After find element By ----> By.cssSelector: div.dialog-container
18:49:26.806 INFO  manager.ListenerWD - Before find element By ----> By.cssSelector: h2.message
18:49:26.828 INFO  manager.ListenerWD - After find element By ----> By.cssSelector: h2.message
18:49:26.860 INFO  TestBase - Assert (Models) message 'Logged in success' present
18:49:26.861 INFO  manager.ListenerWD - Before find elements By ----> By.xpath: //button[text()='Ok']
18:49:26.889 INFO  manager.ListenerWD - After find elements By ----> By.xpath: //button[text()='Ok']
18:49:26.889 INFO  manager.ListenerWD - List size ---1
18:49:27.898 INFO  manager.ListenerWD - Before find element By ----> By.xpath: //button[text()='Ok']
18:49:27.926 INFO  manager.ListenerWD - After find element By ----> By.xpath: //button[text()='Ok']
18:49:28.003 INFO  TestBase - Start test with name:loginSuccessModelsDP
18:49:28.003 INFO  TestBase - Start checking authorisation
18:49:28.003 INFO  manager.ListenerWD - Before find elements By ----> By.xpath: //a[text()=' Logout ']
18:49:28.020 INFO  manager.ListenerWD - After find elements By ----> By.xpath: //a[text()=' Logout ']
18:49:28.020 INFO  manager.ListenerWD - List size ---1
18:49:29.027 INFO  manager.ListenerWD - Before find element By ----> By.xpath: //a[text()=' Logout ']
18:49:29.072 INFO  manager.ListenerWD - After find element By ----> By.xpath: //a[text()=' Logout ']
18:49:29.137 INFO  TestBase - Test has needed logout
18:49:29.138 INFO  TestBase - Login scenario success was used dataUser{name='null', lastname='null', email='423090@gmail.com', password='Yy12345$', phone='null'}
18:49:29.138 INFO  manager.ListenerWD - Before find element By ----> By.cssSelector: a[href ^='/login']
18:49:29.151 INFO  manager.ListenerWD - After find element By ----> By.cssSelector: a[href ^='/login']
18:49:29.212 INFO  manager.ListenerWD - Before find element By ----> By.id: email
18:49:29.231 INFO  manager.ListenerWD - After find element By ----> By.id: email
18:49:29.396 INFO  manager.ListenerWD - Before find element By ----> By.id: password
18:49:29.417 INFO  manager.ListenerWD - After find element By ----> By.id: password
18:49:29.559 INFO  manager.ListenerWD - Before find element By ----> By.cssSelector: button[type='submit']
18:49:29.586 INFO  manager.ListenerWD - After find element By ----> By.cssSelector: button[type='submit']
18:49:29.632 INFO  manager.ListenerWD - Before find element By ----> By.cssSelector: button[type='submit']
18:49:29.677 INFO  manager.ListenerWD - After find element By ----> By.cssSelector: button[type='submit']
18:49:29.743 INFO  manager.ListenerWD - Before find element By ----> By.cssSelector: div.dialog-container
18:49:30.108 INFO  manager.ListenerWD - After find element By ----> By.cssSelector: div.dialog-container
18:49:30.141 INFO  manager.ListenerWD - Before find element By ----> By.cssSelector: h2.message
18:49:30.160 INFO  manager.ListenerWD - After find element By ----> By.cssSelector: h2.message
18:49:30.186 INFO  TestBase - Assert (Models) message 'Logged in success' present
18:49:30.187 INFO  manager.ListenerWD - Before find elements By ----> By.xpath: //button[text()='Ok']
18:49:30.206 INFO  manager.ListenerWD - After find elements By ----> By.xpath: //button[text()='Ok']
18:49:30.206 INFO  manager.ListenerWD - List size ---1
18:49:31.209 INFO  manager.ListenerWD - Before find element By ----> By.xpath: //button[text()='Ok']
18:49:31.234 INFO  manager.ListenerWD - After find element By ----> By.xpath: //button[text()='Ok']
18:49:31.304 INFO  TestBase - Start test with name:loginSuccessModelsDP
18:49:31.307 INFO  TestBase - Start checking authorisation
18:49:31.308 INFO  manager.ListenerWD - Before find elements By ----> By.xpath: //a[text()=' Logout ']
18:49:31.330 INFO  manager.ListenerWD - After find elements By ----> By.xpath: //a[text()=' Logout ']
18:49:31.331 INFO  manager.ListenerWD - List size ---1
18:49:32.341 INFO  manager.ListenerWD - Before find element By ----> By.xpath: //a[text()=' Logout ']
18:49:32.355 INFO  manager.ListenerWD - After find element By ----> By.xpath: //a[text()=' Logout ']
18:49:32.424 INFO  TestBase - Test has needed logout
18:49:32.425 INFO  TestBase - Login scenario success was used dataUser{name='null', lastname='null', email='423090@gmail.com', password='Yy12345$', phone='null'}
18:49:32.425 INFO  manager.ListenerWD - Before find element By ----> By.cssSelector: a[href ^='/login']
18:49:32.444 INFO  manager.ListenerWD - After find element By ----> By.cssSelector: a[href ^='/login']
18:49:32.510 INFO  manager.ListenerWD - Before find element By ----> By.id: email
18:49:32.527 INFO  manager.ListenerWD - After find element By ----> By.id: email
18:49:32.723 INFO  manager.ListenerWD - Before find element By ----> By.id: password
18:49:32.740 INFO  manager.ListenerWD - After find element By ----> By.id: password
18:49:32.872 INFO  manager.ListenerWD - Before find element By ----> By.cssSelector: button[type='submit']
18:49:32.889 INFO  manager.ListenerWD - After find element By ----> By.cssSelector: button[type='submit']
18:49:32.919 INFO  manager.ListenerWD - Before find element By ----> By.cssSelector: button[type='submit']
18:49:32.937 INFO  manager.ListenerWD - After find element By ----> By.cssSelector: button[type='submit']
18:49:32.991 INFO  manager.ListenerWD - Before find element By ----> By.cssSelector: div.dialog-container
18:49:33.388 INFO  manager.ListenerWD - After find element By ----> By.cssSelector: div.dialog-container
18:49:33.416 INFO  manager.ListenerWD - Before find element By ----> By.cssSelector: h2.message
18:49:33.437 INFO  manager.ListenerWD - After find element By ----> By.cssSelector: h2.message
18:49:33.468 INFO  TestBase - Assert (Models) message 'Logged in success' present
18:49:33.469 INFO  manager.ListenerWD - Before find elements By ----> By.xpath: //button[text()='Ok']
18:49:33.491 INFO  manager.ListenerWD - After find elements By ----> By.xpath: //button[text()='Ok']
18:49:33.491 INFO  manager.ListenerWD - List size ---1
18:49:34.495 INFO  manager.ListenerWD - Before find element By ----> By.xpath: //button[text()='Ok']
18:49:34.516 INFO  manager.ListenerWD - After find element By ----> By.xpath: //button[text()='Ok']
18:49:34.568 INFO  TestBase - Start test with name:negativeWrongEmail
18:49:34.570 INFO  TestBase - Start checking authorisation
18:49:34.570 INFO  manager.ListenerWD - Before find elements By ----> By.xpath: //a[text()=' Logout ']
18:49:34.586 INFO  manager.ListenerWD - After find elements By ----> By.xpath: //a[text()=' Logout ']
18:49:34.586 INFO  manager.ListenerWD - List size ---1
18:49:35.599 INFO  manager.ListenerWD - Before find element By ----> By.xpath: //a[text()=' Logout ']
18:49:35.622 INFO  manager.ListenerWD - After find element By ----> By.xpath: //a[text()=' Logout ']
18:49:35.692 INFO  TestBase - Test has needed logout
18:49:35.692 INFO  TestBase - Negative test(wrong email) started-----
18:49:35.692 INFO  manager.ListenerWD - Before find element By ----> By.cssSelector: a[href ^='/login']
18:49:35.705 INFO  manager.ListenerWD - After find element By ----> By.cssSelector: a[href ^='/login']
18:49:35.759 INFO  manager.ListenerWD - Before find element By ----> By.id: email
18:49:35.774 INFO  manager.ListenerWD - After find element By ----> By.id: email
18:49:35.937 INFO  manager.ListenerWD - Before find element By ----> By.id: password
18:49:35.953 INFO  manager.ListenerWD - After find element By ----> By.id: password
18:49:36.077 INFO  TestBase - User login with wrong email:   423090@gmail
18:49:36.078 INFO  manager.ListenerWD - Before find element By ----> By.cssSelector: button[type='submit']
18:49:36.094 INFO  manager.ListenerWD - After find element By ----> By.cssSelector: button[type='submit']
18:49:36.144 INFO  manager.ListenerWD - Before find element By ----> By.cssSelector: div.dialog-container
18:49:36.485 INFO  manager.ListenerWD - After find element By ----> By.cssSelector: div.dialog-container
18:49:38.510 INFO  manager.ListenerWD - Before find element By ----> By.cssSelector: div.dialog-container>h1
18:49:38.541 INFO  manager.ListenerWD - After find element By ----> By.cssSelector: div.dialog-container>h1
18:49:38.565 INFO  TestBase - Assert passed - message 'Authorization error' present
18:49:38.566 INFO  manager.ListenerWD - Before find elements By ----> By.xpath: //button[text()='Ok']
18:49:38.579 INFO  manager.ListenerWD - After find elements By ----> By.xpath: //button[text()='Ok']
18:49:38.579 INFO  manager.ListenerWD - List size ---1
18:49:39.595 INFO  manager.ListenerWD - Before find element By ----> By.xpath: //button[text()='Ok']
18:49:39.667 INFO  manager.ListenerWD - After find element By ----> By.xpath: //button[text()='Ok']
18:49:39.752 INFO  TestBase - Start test with name:negativeWrongPassword
18:49:39.753 INFO  TestBase - Start checking authorisation
18:49:39.753 INFO  manager.ListenerWD - Before find elements By ----> By.xpath: //a[text()=' Logout ']
18:49:44.768 INFO  manager.ListenerWD - After find elements By ----> By.xpath: //a[text()=' Logout ']
18:49:44.768 INFO  manager.ListenerWD - List size ---0
18:49:44.768 INFO  TestBase - Test has not needed logout
18:49:44.769 INFO  TestBase - Negative test(wrong password) started-----
18:49:44.769 INFO  manager.ListenerWD - Before find element By ----> By.cssSelector: a[href ^='/login']
18:49:44.788 INFO  manager.ListenerWD - After find element By ----> By.cssSelector: a[href ^='/login']
18:49:44.822 INFO  manager.ListenerWD - Before find element By ----> By.id: email
18:49:44.837 INFO  manager.ListenerWD - After find element By ----> By.id: email
18:49:44.992 INFO  manager.ListenerWD - Before find element By ----> By.id: password
18:49:45.010 INFO  manager.ListenerWD - After find element By ----> By.id: password
18:49:45.185 INFO  TestBase - User login with wrong password:   Wwow12345$
18:49:45.185 INFO  manager.ListenerWD - Before find element By ----> By.cssSelector: button[type='submit']
18:49:45.203 INFO  manager.ListenerWD - After find element By ----> By.cssSelector: button[type='submit']
18:49:45.237 INFO  manager.ListenerWD - Before find element By ----> By.cssSelector: div.dialog-container
18:49:45.752 INFO  manager.ListenerWD - After find element By ----> By.cssSelector: div.dialog-container
18:49:47.777 INFO  manager.ListenerWD - Before find element By ----> By.cssSelector: div.dialog-container>h1
18:49:47.800 INFO  manager.ListenerWD - After find element By ----> By.cssSelector: div.dialog-container>h1
18:49:47.825 INFO  TestBase - Assert passed - message 'Authorization error' present
18:49:47.826 INFO  manager.ListenerWD - Before find elements By ----> By.xpath: //button[text()='Ok']
18:49:47.840 INFO  manager.ListenerWD - After find elements By ----> By.xpath: //button[text()='Ok']
18:49:47.840 INFO  manager.ListenerWD - List size ---1
18:49:48.845 INFO  manager.ListenerWD - Before find element By ----> By.xpath: //button[text()='Ok']
18:49:48.868 INFO  manager.ListenerWD - After find element By ----> By.xpath: //button[text()='Ok']
18:49:48.917 INFO  TestBase - Start test with name:registrationSuccess
18:49:48.917 INFO  manager.ListenerWD - Before find elements By ----> By.xpath: //a[text()=' Logout ']
18:49:53.980 INFO  manager.ListenerWD - After find elements By ----> By.xpath: //a[text()=' Logout ']
18:49:53.981 INFO  manager.ListenerWD - List size ---0
18:49:53.981 INFO  manager.ListenerWD - Before find element By ----> By.xpath: //a[text()='Sign up']
18:49:54.007 INFO  manager.ListenerWD - After find element By ----> By.xpath: //a[text()='Sign up']
18:49:54.498 INFO  manager.ListenerWD - Before find element By ----> By.id: name
18:49:54.520 INFO  manager.ListenerWD - After find element By ----> By.id: name
18:49:54.674 INFO  manager.ListenerWD - Before find element By ----> By.id: lastName
18:49:54.693 INFO  manager.ListenerWD - After find element By ----> By.id: lastName
18:49:54.863 INFO  manager.ListenerWD - Before find element By ----> By.id: email
18:49:54.891 INFO  manager.ListenerWD - After find element By ----> By.id: email
18:49:55.113 INFO  manager.ListenerWD - Before find element By ----> By.id: password
18:49:55.131 INFO  manager.ListenerWD - After find element By ----> By.id: password
18:49:55.315 INFO  manager.ListenerWD - Before find element By ----> By.cssSelector: label[for='terms-of-use']
18:49:55.347 INFO  manager.ListenerWD - After find element By ----> By.cssSelector: label[for='terms-of-use']
18:49:55.522 INFO  manager.ListenerWD - Before find element By ----> By.cssSelector: button[type='submit']
18:49:55.557 INFO  manager.ListenerWD - After find element By ----> By.cssSelector: button[type='submit']
18:49:55.598 INFO  manager.ListenerWD - Before find element By ----> By.cssSelector: button[type='submit']
18:49:55.613 INFO  manager.ListenerWD - After find element By ----> By.cssSelector: button[type='submit']
18:49:55.659 INFO  manager.ListenerWD - Before find element By ----> By.cssSelector: div.dialog-container
18:49:56.182 INFO  manager.ListenerWD - After find element By ----> By.cssSelector: div.dialog-container
18:49:58.233 INFO  manager.ListenerWD - Before find element By ----> By.cssSelector: div.dialog-container>h1
18:49:58.256 INFO  manager.ListenerWD - After find element By ----> By.cssSelector: div.dialog-container>h1
18:49:59.539 INFO  manager.ApplicationManager - All tests start in  ChromeDriver
18:50:03.245 INFO  TestBase - Start test with name:success
18:50:03.246 INFO  manager.ListenerWD - Before find elements By ----> By.xpath: //a[text()=' Logout ']
18:50:08.263 INFO  manager.ListenerWD - After find elements By ----> By.xpath: //a[text()=' Logout ']
18:50:08.263 INFO  manager.ListenerWD - List size ---0
18:50:08.263 INFO  manager.ListenerWD - Before find element By ----> By.cssSelector: a[href ^='/login']
18:50:08.283 INFO  manager.ListenerWD - After find element By ----> By.cssSelector: a[href ^='/login']
18:50:08.356 INFO  manager.ListenerWD - Before find element By ----> By.id: email
18:50:08.379 INFO  manager.ListenerWD - After find element By ----> By.id: email
18:50:08.548 INFO  manager.ListenerWD - Before find element By ----> By.id: password
18:50:08.569 INFO  manager.ListenerWD - After find element By ----> By.id: password
18:50:08.752 INFO  manager.ListenerWD - Before find element By ----> By.cssSelector: button[type='submit']
18:50:08.779 INFO  manager.ListenerWD - After find element By ----> By.cssSelector: button[type='submit']
18:50:08.823 INFO  manager.ListenerWD - Before find element By ----> By.cssSelector: button[type='submit']
18:50:08.840 INFO  manager.ListenerWD - After find element By ----> By.cssSelector: button[type='submit']
18:50:08.901 INFO  manager.ListenerWD - Before find elements By ----> By.xpath: //button[text()='Ok']
18:50:10.043 INFO  manager.ListenerWD - After find elements By ----> By.xpath: //button[text()='Ok']
18:50:10.043 INFO  manager.ListenerWD - List size ---1
18:50:11.056 INFO  manager.ListenerWD - Before find element By ----> By.xpath: //button[text()='Ok']
18:50:11.074 INFO  manager.ListenerWD - After find element By ----> By.xpath: //button[text()='Ok']
18:50:11.628 INFO  manager.ListenerWD - Before find element By ----> By.id: 1
18:50:11.658 INFO  manager.ListenerWD - After find element By ----> By.id: 1
18:50:11.757 INFO  manager.ListenerWD - Before find element By ----> By.id: pickUpPlace
18:50:11.774 INFO  manager.ListenerWD - After find element By ----> By.id: pickUpPlace
18:50:11.938 INFO  manager.ListenerWD - Before find element By ----> By.cssSelector: div.pac-item
18:50:12.368 INFO  manager.ListenerWD - After find element By ----> By.cssSelector: div.pac-item
18:50:12.933 INFO  manager.ListenerWD - Before find element By ----> By.id: make
18:50:12.952 INFO  manager.ListenerWD - After find element By ----> By.id: make
18:50:13.078 INFO  manager.ListenerWD - Before find element By ----> By.id: model
18:50:13.096 INFO  manager.ListenerWD - After find element By ----> By.id: model
18:50:13.223 INFO  manager.ListenerWD - Before find element By ----> By.id: year
18:50:13.241 INFO  manager.ListenerWD - After find element By ----> By.id: year
18:50:13.386 INFO  manager.ListenerWD - Before find element By ----> By.id: engine
18:50:13.403 INFO  manager.ListenerWD - After find element By ----> By.id: engine
18:50:13.527 INFO  manager.ListenerWD - Before find element By ----> By.id: fuel
18:50:13.545 INFO  manager.ListenerWD - After find element By ----> By.id: fuel
18:50:13.628 INFO  manager.ListenerWD - Before find element By ----> By.id: gear
18:50:13.649 INFO  manager.ListenerWD - After find element By ----> By.id: gear
18:50:13.734 INFO  manager.ListenerWD - Before find element By ----> By.id: wheelsDrive
18:50:13.756 INFO  manager.ListenerWD - After find element By ----> By.id: wheelsDrive
18:50:13.833 INFO  manager.ListenerWD - Before find element By ----> By.id: doors
18:50:13.864 INFO  manager.ListenerWD - After find element By ----> By.id: doors
18:50:14.091 INFO  manager.ListenerWD - Before find element By ----> By.id: seats
18:50:14.122 INFO  manager.ListenerWD - After find element By ----> By.id: seats
18:50:14.408 INFO  manager.ListenerWD - Before find element By ----> By.id: class
18:50:14.440 INFO  manager.ListenerWD - After find element By ----> By.id: class
18:50:14.677 INFO  manager.ListenerWD - Before find element By ----> By.id: fuelConsumption
18:50:14.711 INFO  manager.ListenerWD - After find element By ----> By.id: fuelConsumption
18:50:14.962 INFO  manager.ListenerWD - Before find element By ----> By.id: serialNumber
18:50:14.991 INFO  manager.ListenerWD - After find element By ----> By.id: serialNumber
18:50:15.237 INFO  manager.ListenerWD - Before find element By ----> By.id: price
18:50:15.270 INFO  manager.ListenerWD - After find element By ----> By.id: price
18:50:15.702 INFO  manager.ListenerWD - Before find element By ----> By.id: distance
18:50:15.738 INFO  manager.ListenerWD - After find element By ----> By.id: distance
18:50:16.023 INFO  manager.ListenerWD - Before find element By ----> By.cssSelector: .feature-input
18:50:16.056 INFO  manager.ListenerWD - After find element By ----> By.cssSelector: .feature-input
18:50:16.272 INFO  manager.ListenerWD - Before find element By ----> By.id: about
18:50:16.302 INFO  manager.ListenerWD - After find element By ----> By.id: about
18:50:16.530 INFO  manager.ListenerWD - Before find element By ----> By.id: photos
18:50:16.552 INFO  manager.ListenerWD - After find element By ----> By.id: photos
18:50:17.034 INFO  manager.ListenerWD - Before find element By ----> By.cssSelector: button[type='submit']
18:50:17.069 INFO  manager.ListenerWD - After find element By ----> By.cssSelector: button[type='submit']
18:50:18.708 INFO  manager.ListenerWD - Before find element By ----> By.cssSelector: button[type='submit']
18:50:18.731 INFO  manager.ListenerWD - After find element By ----> By.cssSelector: button[type='submit']
18:50:18.803 INFO  manager.ListenerWD - Before find element By ----> By.cssSelector: div.dialog-container
18:50:21.022 INFO  manager.ListenerWD - After find element By ----> By.cssSelector: div.dialog-container
18:50:23.055 INFO  manager.ListenerWD - Before find element By ----> By.cssSelector: div.dialog-container>h1
18:50:23.108 INFO  manager.ListenerWD - After find element By ----> By.cssSelector: div.dialog-container>h1
18:50:23.166 INFO  manager.ListenerWD - Before find element By ----> By.xpath: //button[text()='Search cars']
18:50:23.222 INFO  manager.ListenerWD - After find element By ----> By.xpath: //button[text()='Search cars']
18:50:23.351 INFO  TestBase - Start test with name:successDP
18:50:23.352 INFO  manager.ListenerWD - Before find elements By ----> By.xpath: //a[text()=' Logout ']
18:50:23.384 INFO  manager.ListenerWD - After find elements By ----> By.xpath: //a[text()=' Logout ']
18:50:23.384 INFO  manager.ListenerWD - List size ---1
18:50:23.385 INFO  TestBase - The test used car model : Car(location=Ramle, Israel, make=BMW, model=M5, year=2020, engine=2.5, fuel=Petrol, gear=AT, wD=AWD, doors=5, seats=4, clasS=C, fuelConsumption=8.5, carRegistrationNumber=130-123-006, price=65, distanceIncluded=5, features=800, about=Type of features)
18:50:23.893 INFO  manager.ListenerWD - Before find element By ----> By.id: 1
18:50:23.919 INFO  manager.ListenerWD - After find element By ----> By.id: 1
18:50:23.987 INFO  manager.ListenerWD - Before find element By ----> By.id: pickUpPlace
18:50:24.001 INFO  manager.ListenerWD - After find element By ----> By.id: pickUpPlace
18:50:24.178 INFO  manager.ListenerWD - Before find element By ----> By.cssSelector: div.pac-item
18:50:24.532 INFO  manager.ListenerWD - After find element By ----> By.cssSelector: div.pac-item
18:50:25.181 INFO  manager.ListenerWD - Before find element By ----> By.id: make
18:50:25.223 INFO  manager.ListenerWD - After find element By ----> By.id: make
18:50:25.515 INFO  manager.ListenerWD - Before find element By ----> By.id: model
18:50:25.546 INFO  manager.ListenerWD - After find element By ----> By.id: model
18:50:25.833 INFO  manager.ListenerWD - Before find element By ----> By.id: year
18:50:25.860 INFO  manager.ListenerWD - After find element By ----> By.id: year
18:50:26.169 INFO  manager.ListenerWD - Before find element By ----> By.id: engine
18:50:26.200 INFO  manager.ListenerWD - After find element By ----> By.id: engine
18:50:26.487 INFO  manager.ListenerWD - Before find element By ----> By.id: fuel
18:50:26.519 INFO  manager.ListenerWD - After find element By ----> By.id: fuel
18:50:26.680 INFO  manager.ListenerWD - Before find element By ----> By.id: gear
18:50:26.711 INFO  manager.ListenerWD - After find element By ----> By.id: gear
18:50:26.866 INFO  manager.ListenerWD - Before find element By ----> By.id: wheelsDrive
18:50:26.896 INFO  manager.ListenerWD - After find element By ----> By.id: wheelsDrive
18:50:27.039 INFO  manager.ListenerWD - Before find element By ----> By.id: doors
18:50:27.060 INFO  manager.ListenerWD - After find element By ----> By.id: doors
18:50:27.308 INFO  manager.ListenerWD - Before find element By ----> By.id: seats
18:50:27.323 INFO  manager.ListenerWD - After find element By ----> By.id: seats
18:50:27.478 INFO  manager.ListenerWD - Before find element By ----> By.id: class
18:50:27.493 INFO  manager.ListenerWD - After find element By ----> By.id: class
18:50:27.623 INFO  manager.ListenerWD - Before find element By ----> By.id: fuelConsumption
18:50:27.639 INFO  manager.ListenerWD - After find element By ----> By.id: fuelConsumption
18:50:27.786 INFO  manager.ListenerWD - Before find element By ----> By.id: serialNumber
18:50:27.799 INFO  manager.ListenerWD - After find element By ----> By.id: serialNumber
18:50:27.942 INFO  manager.ListenerWD - Before find element By ----> By.id: price
18:50:27.955 INFO  manager.ListenerWD - After find element By ----> By.id: price
18:50:28.105 INFO  manager.ListenerWD - Before find element By ----> By.id: distance
18:50:28.120 INFO  manager.ListenerWD - After find element By ----> By.id: distance
18:50:28.262 INFO  manager.ListenerWD - Before find element By ----> By.cssSelector: .feature-input
18:50:28.274 INFO  manager.ListenerWD - After find element By ----> By.cssSelector: .feature-input
18:50:28.415 INFO  manager.ListenerWD - Before find element By ----> By.id: about
18:50:28.437 INFO  manager.ListenerWD - After find element By ----> By.id: about
18:50:28.624 INFO  manager.ListenerWD - Before find element By ----> By.id: photos
18:50:28.643 INFO  manager.ListenerWD - After find element By ----> By.id: photos
18:50:28.700 INFO  manager.ListenerWD - Before find element By ----> By.cssSelector: button[type='submit']
18:50:28.715 INFO  manager.ListenerWD - After find element By ----> By.cssSelector: button[type='submit']
18:50:29.794 INFO  manager.ListenerWD - Before find element By ----> By.cssSelector: button[type='submit']
18:50:29.808 INFO  manager.ListenerWD - After find element By ----> By.cssSelector: button[type='submit']
18:50:29.863 INFO  manager.ListenerWD - Before find element By ----> By.cssSelector: div.dialog-container
18:50:31.629 INFO  manager.ListenerWD - After find element By ----> By.cssSelector: div.dialog-container
18:50:33.663 INFO  manager.ListenerWD - Before find element By ----> By.cssSelector: div.dialog-container>h1
18:50:33.694 INFO  manager.ListenerWD - After find element By ----> By.cssSelector: div.dialog-container>h1
18:50:33.727 INFO  TestBase - In assert checked message 'Car added' in dialog  
18:50:33.728 INFO  manager.ListenerWD - Before find element By ----> By.xpath: //button[text()='Search cars']
18:50:33.742 INFO  manager.ListenerWD - After find element By ----> By.xpath: //button[text()='Search cars']
18:50:33.786 INFO  TestBase - Start test with name:successDP
18:50:33.786 INFO  manager.ListenerWD - Before find elements By ----> By.xpath: //a[text()=' Logout ']
18:50:33.804 INFO  manager.ListenerWD - After find elements By ----> By.xpath: //a[text()=' Logout ']
18:50:33.805 INFO  manager.ListenerWD - List size ---1
18:50:33.806 INFO  TestBase - The test used car model : Car(location=Jerusalem, Israel, make=BMW, model=M5, year=2020, engine=2.5, fuel=Petrol, gear=AT, wD=AWD, doors=5, seats=4, clasS=C, fuelConsumption=9.5, carRegistrationNumber=131-123-008, price=65, distanceIncluded=5, features=800, about=Type of features)
18:50:34.314 INFO  manager.ListenerWD - Before find element By ----> By.id: 1
18:50:34.331 INFO  manager.ListenerWD - After find element By ----> By.id: 1
18:50:34.396 INFO  manager.ListenerWD - Before find element By ----> By.id: pickUpPlace
18:50:34.412 INFO  manager.ListenerWD - After find element By ----> By.id: pickUpPlace
18:50:34.583 INFO  manager.ListenerWD - Before find element By ----> By.cssSelector: div.pac-item
18:50:34.918 INFO  manager.ListenerWD - After find element By ----> By.cssSelector: div.pac-item
18:50:35.570 INFO  manager.ListenerWD - Before find element By ----> By.id: make
18:50:35.590 INFO  manager.ListenerWD - After find element By ----> By.id: make
18:50:35.741 INFO  manager.ListenerWD - Before find element By ----> By.id: model
18:50:35.757 INFO  manager.ListenerWD - After find element By ----> By.id: model
18:50:35.989 INFO  manager.ListenerWD - Before find element By ----> By.id: year
18:50:36.014 INFO  manager.ListenerWD - After find element By ----> By.id: year
18:50:36.280 INFO  manager.ListenerWD - Before find element By ----> By.id: engine
18:50:36.305 INFO  manager.ListenerWD - After find element By ----> By.id: engine
18:50:36.509 INFO  manager.ListenerWD - Before find element By ----> By.id: fuel
18:50:36.524 INFO  manager.ListenerWD - After find element By ----> By.id: fuel
18:50:36.619 INFO  manager.ListenerWD - Before find element By ----> By.id: gear
18:50:36.646 INFO  manager.ListenerWD - After find element By ----> By.id: gear
18:50:36.766 INFO  manager.ListenerWD - Before find element By ----> By.id: wheelsDrive
18:50:36.783 INFO  manager.ListenerWD - After find element By ----> By.id: wheelsDrive
18:50:36.882 INFO  manager.ListenerWD - Before find element By ----> By.id: doors
18:50:36.900 INFO  manager.ListenerWD - After find element By ----> By.id: doors
18:50:37.180 INFO  manager.ListenerWD - Before find element By ----> By.id: seats
18:50:37.202 INFO  manager.ListenerWD - After find element By ----> By.id: seats
18:50:37.447 INFO  manager.ListenerWD - Before find element By ----> By.id: class
18:50:37.470 INFO  manager.ListenerWD - After find element By ----> By.id: class
18:50:37.661 INFO  manager.ListenerWD - Before find element By ----> By.id: fuelConsumption
18:50:37.682 INFO  manager.ListenerWD - After find element By ----> By.id: fuelConsumption
18:50:37.943 INFO  manager.ListenerWD - Before find element By ----> By.id: serialNumber
18:50:37.966 INFO  manager.ListenerWD - After find element By ----> By.id: serialNumber
18:50:38.234 INFO  manager.ListenerWD - Before find element By ----> By.id: price
18:50:38.261 INFO  manager.ListenerWD - After find element By ----> By.id: price
18:50:38.523 INFO  manager.ListenerWD - Before find element By ----> By.id: distance
18:50:38.545 INFO  manager.ListenerWD - After find element By ----> By.id: distance
18:50:38.793 INFO  manager.ListenerWD - Before find element By ----> By.cssSelector: .feature-input
18:50:38.817 INFO  manager.ListenerWD - After find element By ----> By.cssSelector: .feature-input
18:50:39.032 INFO  manager.ListenerWD - Before find element By ----> By.id: about
18:50:39.055 INFO  manager.ListenerWD - After find element By ----> By.id: about
18:50:39.261 INFO  manager.ListenerWD - Before find element By ----> By.id: photos
18:50:39.283 INFO  manager.ListenerWD - After find element By ----> By.id: photos
18:50:39.354 INFO  manager.ListenerWD - Before find element By ----> By.cssSelector: button[type='submit']
18:50:39.375 INFO  manager.ListenerWD - After find element By ----> By.cssSelector: button[type='submit']
18:50:41.094 INFO  manager.ListenerWD - Before find element By ----> By.cssSelector: button[type='submit']
18:50:41.112 INFO  manager.ListenerWD - After find element By ----> By.cssSelector: button[type='submit']
18:50:41.187 INFO  manager.ListenerWD - Before find element By ----> By.cssSelector: div.dialog-container
18:50:42.913 INFO  manager.ListenerWD - After find element By ----> By.cssSelector: div.dialog-container
18:50:44.944 INFO  manager.ListenerWD - Before find element By ----> By.cssSelector: div.dialog-container>h1
18:50:44.965 INFO  manager.ListenerWD - After find element By ----> By.cssSelector: div.dialog-container>h1
18:50:44.989 INFO  TestBase - In assert checked message 'Car added' in dialog  
18:50:44.990 INFO  manager.ListenerWD - Before find element By ----> By.xpath: //button[text()='Search cars']
18:50:45.011 INFO  manager.ListenerWD - After find element By ----> By.xpath: //button[text()='Search cars']
