18:54:52.661 INFO  manager.ApplicationManager - All tests start in  ChromeDriver
18:54:57.191 INFO  TestBase - Start test with name:registrationWrongPassword
18:54:57.197 INFO  manager.ListenerWD - Before find elements By ----> By.xpath: //a[text()=' Logout ']
18:55:02.263 INFO  manager.ListenerWD - After find elements By ----> By.xpath: //a[text()=' Logout ']
18:55:02.266 INFO  manager.ListenerWD - List size ---0
18:55:02.285 INFO  TestBase - Registration  negative scenario with wrong password was used dataUser{name='Lila', lastname='Snow', email='lila@mail.com', password='Lila', phone='null'}
18:55:02.286 INFO  manager.ListenerWD - Before find element By ----> By.xpath: //a[text()='Sign up']
18:55:02.332 INFO  manager.ListenerWD - After find element By ----> By.xpath: //a[text()='Sign up']
18:55:02.758 INFO  manager.ListenerWD - Before find element By ----> By.id: name
18:55:02.814 INFO  manager.ListenerWD - After find element By ----> By.id: name
18:55:03.085 INFO  manager.ListenerWD - Before find element By ----> By.id: lastName
18:55:03.114 INFO  manager.ListenerWD - After find element By ----> By.id: lastName
18:55:03.244 INFO  manager.ListenerWD - Before find element By ----> By.id: email
18:55:03.273 INFO  manager.ListenerWD - After find element By ----> By.id: email
18:55:03.429 INFO  manager.ListenerWD - Before find element By ----> By.id: password
18:55:03.473 INFO  manager.ListenerWD - After find element By ----> By.id: password
18:55:03.687 INFO  manager.ListenerWD - Before find element By ----> By.cssSelector: label[for='terms-of-use']
18:55:03.722 INFO  manager.ListenerWD - After find element By ----> By.cssSelector: label[for='terms-of-use']
18:55:03.905 INFO  manager.ListenerWD - Before find element By ----> By.cssSelector: button[type='submit']
18:55:03.936 INFO  manager.ListenerWD - After find element By ----> By.cssSelector: button[type='submit']
18:55:03.978 INFO  manager.ListenerWD - Before find elements By ----> By.cssSelector: button[disabled]
18:55:04.001 INFO  manager.ListenerWD - After find elements By ----> By.cssSelector: button[disabled]
18:55:04.001 INFO  manager.ListenerWD - List size ---1
18:55:04.001 INFO  manager.ListenerWD - Before find element By ----> By.cssSelector: [type='submit']
18:55:04.026 INFO  manager.ListenerWD - After find element By ----> By.cssSelector: [type='submit']
18:55:04.040 INFO  TestBase - The Y'alla button was not active
18:55:04.047 INFO  TestBase - Start test with name:loginSuccessModels
18:55:04.048 INFO  TestBase - Start checking authorisation
18:55:04.048 INFO  manager.ListenerWD - Before find elements By ----> By.xpath: //a[text()=' Logout ']
18:55:09.079 INFO  manager.ListenerWD - After find elements By ----> By.xpath: //a[text()=' Logout ']
18:55:09.080 INFO  manager.ListenerWD - List size ---0
18:55:09.080 INFO  TestBase - Test has not needed logout
18:55:09.081 INFO  TestBase - test started------------Login success Model
18:55:09.081 INFO  manager.ListenerWD - Before find element By ----> By.cssSelector: a[href ^='/login']
18:55:09.111 INFO  manager.ListenerWD - After find element By ----> By.cssSelector: a[href ^='/login']
18:55:09.212 INFO  manager.ListenerWD - Before find element By ----> By.id: email
18:55:09.231 INFO  manager.ListenerWD - After find element By ----> By.id: email
18:55:09.417 INFO  manager.ListenerWD - Before find element By ----> By.id: password
18:55:09.439 INFO  manager.ListenerWD - After find element By ----> By.id: password
18:55:09.573 INFO  manager.ListenerWD - Before find element By ----> By.id: email
18:55:09.597 INFO  manager.ListenerWD - After find element By ----> By.id: email
18:55:09.763 INFO  manager.ListenerWD - Before find element By ----> By.id: password
18:55:09.785 INFO  manager.ListenerWD - After find element By ----> By.id: password
18:55:09.949 INFO  manager.ListenerWD - Before find element By ----> By.cssSelector: button[type='submit']
18:55:09.983 INFO  manager.ListenerWD - After find element By ----> By.cssSelector: button[type='submit']
18:55:10.062 INFO  manager.ListenerWD - Before find element By ----> By.cssSelector: button[type='submit']
18:55:10.092 INFO  manager.ListenerWD - After find element By ----> By.cssSelector: button[type='submit']
18:55:10.184 INFO  manager.ListenerWD - Before find element By ----> By.cssSelector: div.dialog-container
18:55:11.253 INFO  manager.ListenerWD - After find element By ----> By.cssSelector: div.dialog-container
18:55:12.410 INFO  manager.ListenerWD - Before find element By ----> By.cssSelector: h2.message
18:55:12.492 INFO  manager.ListenerWD - After find element By ----> By.cssSelector: h2.message
18:55:12.564 INFO  TestBase - Assert (Models) message 'Logged in success' present
18:55:12.567 INFO  manager.ListenerWD - Before find elements By ----> By.xpath: //button[text()='Ok']
18:55:12.618 INFO  manager.ListenerWD - After find elements By ----> By.xpath: //button[text()='Ok']
18:55:12.619 INFO  manager.ListenerWD - List size ---1
18:55:13.625 INFO  manager.ListenerWD - Before find element By ----> By.xpath: //button[text()='Ok']
18:55:13.645 INFO  manager.ListenerWD - After find element By ----> By.xpath: //button[text()='Ok']
18:55:13.683 INFO  TestBase - Start test with name:success
18:55:13.685 INFO  manager.ListenerWD - Before find elements By ----> By.xpath: //a[text()=' Logout ']
18:55:13.708 INFO  manager.ListenerWD - After find elements By ----> By.xpath: //a[text()=' Logout ']
18:55:13.709 INFO  manager.ListenerWD - List size ---1
18:55:14.228 INFO  manager.ListenerWD - Before find element By ----> By.id: 1
18:55:14.305 INFO  manager.ListenerWD - After find element By ----> By.id: 1
18:55:15.804 INFO  manager.ListenerWD - Before find element By ----> By.id: pickUpPlace
18:55:18.060 INFO  manager.ListenerWD - After find element By ----> By.id: pickUpPlace
18:55:18.968 INFO  manager.ListenerWD - Before find element By ----> By.cssSelector: div.pac-item
18:55:20.896 INFO  manager.ListenerWD - After find element By ----> By.cssSelector: div.pac-item
18:55:21.532 INFO  manager.ListenerWD - Before find element By ----> By.id: make
18:55:21.613 INFO  manager.ListenerWD - After find element By ----> By.id: make
18:55:21.872 INFO  manager.ListenerWD - Before find element By ----> By.id: model
18:55:21.913 INFO  manager.ListenerWD - After find element By ----> By.id: model
18:55:22.096 INFO  manager.ListenerWD - Before find element By ----> By.id: year
18:55:22.132 INFO  manager.ListenerWD - After find element By ----> By.id: year
18:55:22.336 INFO  manager.ListenerWD - Before find element By ----> By.id: engine
18:55:22.370 INFO  manager.ListenerWD - After find element By ----> By.id: engine
18:55:22.867 INFO  manager.ListenerWD - Before find element By ----> By.id: fuel
18:55:22.889 INFO  manager.ListenerWD - After find element By ----> By.id: fuel
18:55:23.876 INFO  manager.ListenerWD - Before find element By ----> By.id: gear
18:55:23.903 INFO  manager.ListenerWD - After find element By ----> By.id: gear
18:55:24.040 INFO  manager.ListenerWD - Before find element By ----> By.id: wheelsDrive
18:55:24.080 INFO  manager.ListenerWD - After find element By ----> By.id: wheelsDrive
18:55:24.201 INFO  manager.ListenerWD - Before find element By ----> By.id: doors
18:55:24.226 INFO  manager.ListenerWD - After find element By ----> By.id: doors
18:55:24.492 INFO  manager.ListenerWD - Before find element By ----> By.id: seats
18:55:24.542 INFO  manager.ListenerWD - After find element By ----> By.id: seats
18:55:24.758 INFO  manager.ListenerWD - Before find element By ----> By.id: class
18:55:24.785 INFO  manager.ListenerWD - After find element By ----> By.id: class
18:55:24.942 INFO  manager.ListenerWD - Before find element By ----> By.id: fuelConsumption
18:55:24.973 INFO  manager.ListenerWD - After find element By ----> By.id: fuelConsumption
18:55:25.233 INFO  manager.ListenerWD - Before find element By ----> By.id: serialNumber
18:55:25.261 INFO  manager.ListenerWD - After find element By ----> By.id: serialNumber
18:55:25.458 INFO  manager.ListenerWD - Before find element By ----> By.id: price
18:55:25.487 INFO  manager.ListenerWD - After find element By ----> By.id: price
18:55:25.701 INFO  manager.ListenerWD - Before find element By ----> By.id: distance
18:55:25.731 INFO  manager.ListenerWD - After find element By ----> By.id: distance
18:55:25.899 INFO  manager.ListenerWD - Before find element By ----> By.cssSelector: .feature-input
18:55:25.925 INFO  manager.ListenerWD - After find element By ----> By.cssSelector: .feature-input
18:55:26.100 INFO  manager.ListenerWD - Before find element By ----> By.id: about
18:55:26.133 INFO  manager.ListenerWD - After find element By ----> By.id: about
18:55:26.268 INFO  manager.ListenerWD - Before find element By ----> By.id: photos
18:55:26.289 INFO  manager.ListenerWD - After find element By ----> By.id: photos
18:55:26.362 INFO  manager.ListenerWD - Before find element By ----> By.cssSelector: button[type='submit']
18:55:26.379 INFO  manager.ListenerWD - After find element By ----> By.cssSelector: button[type='submit']
18:55:28.116 INFO  manager.ListenerWD - Before find element By ----> By.cssSelector: button[type='submit']
18:55:28.138 INFO  manager.ListenerWD - After find element By ----> By.cssSelector: button[type='submit']
18:55:28.197 INFO  manager.ListenerWD - Before find element By ----> By.cssSelector: div.dialog-container
18:55:29.785 INFO  manager.ListenerWD - After find element By ----> By.cssSelector: div.dialog-container
18:55:31.812 INFO  manager.ListenerWD - Before find element By ----> By.cssSelector: div.dialog-container>h1
18:55:31.845 INFO  manager.ListenerWD - After find element By ----> By.cssSelector: div.dialog-container>h1
18:55:31.864 INFO  manager.ListenerWD - Before find element By ----> By.xpath: //button[text()='Search cars']
18:55:31.888 INFO  manager.ListenerWD - After find element By ----> By.xpath: //button[text()='Search cars']
