21:49:57.807 INFO  manager.ApplicationManager - Chrome driver opened
21:50:02.556 INFO  TestBase - Start test with name:registrationSuccess
21:50:02.558 INFO  manager.ListenerWD - Before find elements By ----> By.xpath: //a[text()=' Logout ']
21:50:07.604 INFO  manager.ListenerWD - After find elements By ----> By.xpath: //a[text()=' Logout ']
21:50:07.606 INFO  manager.ListenerWD - List size ---0
21:50:07.611 INFO  manager.ListenerWD - Before find element By ----> By.xpath: //a[text()='Sign up']
21:50:07.640 INFO  manager.ListenerWD - After find element By ----> By.xpath: //a[text()='Sign up']
21:50:07.970 INFO  manager.ListenerWD - Before find element By ----> By.id: name
21:50:08.006 INFO  manager.ListenerWD - After find element By ----> By.id: name
21:50:08.120 INFO  manager.ListenerWD - Before find element By ----> By.id: lastName
21:50:08.150 INFO  manager.ListenerWD - After find element By ----> By.id: lastName
21:50:08.263 INFO  manager.ListenerWD - Before find element By ----> By.id: email
21:50:08.287 INFO  manager.ListenerWD - After find element By ----> By.id: email
21:50:08.418 INFO  manager.ListenerWD - Before find element By ----> By.id: password
21:50:08.438 INFO  manager.ListenerWD - After find element By ----> By.id: password
21:50:08.554 INFO  manager.ListenerWD - Before find element By ----> By.cssSelector: label[for='terms-of-use']
21:50:08.579 INFO  manager.ListenerWD - After find element By ----> By.cssSelector: label[for='terms-of-use']
21:50:08.745 INFO  manager.ListenerWD - Before find element By ----> By.cssSelector: button[type='submit']
21:50:08.769 INFO  manager.ListenerWD - After find element By ----> By.cssSelector: button[type='submit']
21:50:08.815 INFO  manager.ListenerWD - Before find element By ----> By.cssSelector: button[type='submit']
21:50:08.836 INFO  manager.ListenerWD - After find element By ----> By.cssSelector: button[type='submit']
21:50:08.877 INFO  manager.ListenerWD - Before find element By ----> By.cssSelector: div.dialog-container
21:50:09.342 INFO  manager.ListenerWD - After find element By ----> By.cssSelector: div.dialog-container
21:50:11.369 INFO  manager.ListenerWD - Before find element By ----> By.cssSelector: div.dialog-container>h1
21:50:11.401 INFO  manager.ListenerWD - After find element By ----> By.cssSelector: div.dialog-container>h1
21:50:11.430 INFO  TestBase - Start test with name:loginSuccess
21:50:11.430 INFO  TestBase - Start checking authorisation
21:50:11.431 INFO  manager.ListenerWD - Before find elements By ----> By.xpath: //a[text()=' Logout ']
21:50:11.445 INFO  manager.ListenerWD - After find elements By ----> By.xpath: //a[text()=' Logout ']
21:50:11.445 INFO  manager.ListenerWD - List size ---1
21:50:11.445 INFO  manager.ListenerWD - Before find element By ----> By.xpath: //a[text()=' Logout ']
21:50:11.464 INFO  manager.ListenerWD - After find element By ----> By.xpath: //a[text()=' Logout ']
21:50:16.492 INFO  manager.ListenerWD - We have a 'PROBLEM'
21:50:16.493 INFO  manager.ListenerWD - The name of error method ---click
21:50:16.500 INFO  manager.ListenerWD - Describe of error ---org.openqa.selenium.ElementNotInteractableException: element not interactable
  (Session info: chrome=106.0.5249.119)
Build info: version: '4.4.0', revision: 'e5c75ed026a'
System info: host: 'LAPTOP-MOSO9MHA', ip: '192.168.1.12', os.name: 'Windows 10', os.arch: 'amd64', os.version: '10.0', java.version: '11.0.16.1'
Driver info: org.openqa.selenium.chrome.ChromeDriver
Command: [f97ecb5e914e422ac563a007ed26c1ab, clickElement {id=34fe4bfe-4021-40e2-a0a5-18530caa7fd2}]
Capabilities {acceptInsecureCerts: false, browserName: chrome, browserVersion: 106.0.5249.119, chrome: {chromedriverVersion: 106.0.5249.61 (511755355844..., userDataDir: C:\Users\User\AppData\Local...}, goog:chromeOptions: {debuggerAddress: localhost:61559}, networkConnectionEnabled: false, pageLoadStrategy: normal, platformName: WINDOWS, proxy: Proxy(), se:cdp: ws://localhost:61559/devtoo..., se:cdpVersion: 106.0.5249.119, setWindowRect: true, strictFileInteractability: false, timeouts: {implicit: 0, pageLoad: 300000, script: 30000}, unhandledPromptBehavior: dismiss and notify, webauthn:extension:credBlob: true, webauthn:extension:largeBlob: true, webauthn:virtualAuthenticators: true}
Element: [[ChromeDriver: chrome on WINDOWS (f97ecb5e914e422ac563a007ed26c1ab)] -> xpath: //a[text()=' Logout ']]
Session ID: f97ecb5e914e422ac563a007ed26c1ab
21:50:16.501 INFO  manager.ListenerWD - **********
21:50:16.502 INFO  manager.ListenerWD - [[ChromeDriver: chrome on WINDOWS (f97ecb5e914e422ac563a007ed26c1ab)] -> xpath: //a[text()=' Logout ']]
21:50:16.509 INFO  manager.ListenerWD - Screen with error is :1799  src/test/screenshots/screen1799.png
