21:52:20.630 INFO  manager.ApplicationManager - Chrome driver opened
21:52:23.190 INFO  TestBase - Start test with name:registrationSuccess
21:52:23.192 INFO  manager.ListenerWD - Before find elements By ----> By.xpath: //a[text()=' Logout ']
21:52:28.239 INFO  manager.ListenerWD - After find elements By ----> By.xpath: //a[text()=' Logout ']
21:52:28.241 INFO  manager.ListenerWD - List size ---0
21:52:28.247 INFO  manager.ListenerWD - Before find element By ----> By.xpath: //a[text()='Sign up']
21:52:28.272 INFO  manager.ListenerWD - After find element By ----> By.xpath: //a[text()='Sign up']
21:52:28.602 INFO  manager.ListenerWD - Before find element By ----> By.id: name
21:52:28.632 INFO  manager.ListenerWD - After find element By ----> By.id: name
21:52:28.747 INFO  manager.ListenerWD - Before find element By ----> By.id: lastName
21:52:28.768 INFO  manager.ListenerWD - After find element By ----> By.id: lastName
21:52:28.868 INFO  manager.ListenerWD - Before find element By ----> By.id: email
21:52:28.891 INFO  manager.ListenerWD - After find element By ----> By.id: email
21:52:29.017 INFO  manager.ListenerWD - Before find element By ----> By.id: password
21:52:29.039 INFO  manager.ListenerWD - After find element By ----> By.id: password
21:52:29.137 INFO  manager.ListenerWD - Before find element By ----> By.cssSelector: label[for='terms-of-use']
21:52:29.158 INFO  manager.ListenerWD - After find element By ----> By.cssSelector: label[for='terms-of-use']
21:52:29.311 INFO  manager.ListenerWD - Before find element By ----> By.cssSelector: button[type='submit']
21:52:29.335 INFO  manager.ListenerWD - After find element By ----> By.cssSelector: button[type='submit']
21:52:29.374 INFO  manager.ListenerWD - Before find element By ----> By.cssSelector: button[type='submit']
21:52:29.392 INFO  manager.ListenerWD - After find element By ----> By.cssSelector: button[type='submit']
21:52:29.429 INFO  manager.ListenerWD - Before find element By ----> By.cssSelector: div.dialog-container
21:52:29.927 INFO  manager.ListenerWD - After find element By ----> By.cssSelector: div.dialog-container
21:52:31.952 INFO  manager.ListenerWD - Before find element By ----> By.cssSelector: div.dialog-container>h1
21:52:31.973 INFO  manager.ListenerWD - After find element By ----> By.cssSelector: div.dialog-container>h1
21:52:31.995 INFO  TestBase - Start test with name:loginSuccess
21:52:31.996 INFO  TestBase - Start checking authorisation
21:52:31.996 INFO  manager.ListenerWD - Before find elements By ----> By.xpath: //a[text()=' Logout ']
21:52:32.004 INFO  manager.ListenerWD - After find elements By ----> By.xpath: //a[text()=' Logout ']
21:52:32.004 INFO  manager.ListenerWD - List size ---1
21:52:32.004 INFO  manager.ListenerWD - Before find element By ----> By.xpath: //a[text()=' Logout ']
21:52:32.029 INFO  manager.ListenerWD - After find element By ----> By.xpath: //a[text()=' Logout ']
21:52:37.062 INFO  manager.ListenerWD - We have a 'PROBLEM'
21:52:37.063 INFO  manager.ListenerWD - The name of error method ---click
21:52:37.066 INFO  manager.ListenerWD - Describe of error ---org.openqa.selenium.ElementNotInteractableException: element not interactable
  (Session info: chrome=106.0.5249.119)
Build info: version: '4.4.0', revision: 'e5c75ed026a'
System info: host: 'LAPTOP-MOSO9MHA', ip: '192.168.1.12', os.name: 'Windows 10', os.arch: 'amd64', os.version: '10.0', java.version: '11.0.16.1'
Driver info: org.openqa.selenium.chrome.ChromeDriver
Command: [283342b2773b66a4758042c56ecd79fa, clickElement {id=f98498de-9f90-464c-b6e0-c2a028e394f7}]
Capabilities {acceptInsecureCerts: false, browserName: chrome, browserVersion: 106.0.5249.119, chrome: {chromedriverVersion: 106.0.5249.61 (511755355844..., userDataDir: C:\Users\User\AppData\Local...}, goog:chromeOptions: {debuggerAddress: localhost:61941}, networkConnectionEnabled: false, pageLoadStrategy: normal, platformName: WINDOWS, proxy: Proxy(), se:cdp: ws://localhost:61941/devtoo..., se:cdpVersion: 106.0.5249.119, setWindowRect: true, strictFileInteractability: false, timeouts: {implicit: 0, pageLoad: 300000, script: 30000}, unhandledPromptBehavior: dismiss and notify, webauthn:extension:credBlob: true, webauthn:extension:largeBlob: true, webauthn:virtualAuthenticators: true}
Element: [[ChromeDriver: chrome on WINDOWS (283342b2773b66a4758042c56ecd79fa)] -> xpath: //a[text()=' Logout ']]
Session ID: 283342b2773b66a4758042c56ecd79fa
21:52:37.066 INFO  manager.ListenerWD - **********
21:52:37.067 INFO  manager.ListenerWD - [[ChromeDriver: chrome on WINDOWS (283342b2773b66a4758042c56ecd79fa)] -> xpath: //a[text()=' Logout ']]
21:52:37.071 INFO  manager.ListenerWD - Screen with error is :1065  src/test/screenshots/screen1065.png
