11:28:30.565 INFO  manager.ApplicationManager - All tests start in  Firefox
11:28:33.205 INFO  TestBase - Start test with name:registrationSuccess
11:28:33.208 INFO  manager.ListenerWD - Before find elements By ----> By.xpath: //a[text()=' Logout ']
11:28:38.240 INFO  manager.ListenerWD - After find elements By ----> By.xpath: //a[text()=' Logout ']
11:28:38.242 INFO  manager.ListenerWD - List size ---0
11:28:38.246 INFO  manager.ListenerWD - Before find element By ----> By.xpath: //a[text()='Sign up']
11:28:38.264 INFO  manager.ListenerWD - After find element By ----> By.xpath: //a[text()='Sign up']
11:28:38.803 INFO  manager.ListenerWD - Before find element By ----> By.id: name
11:28:38.818 INFO  manager.ListenerWD - After find element By ----> By.id: name
11:28:39.098 INFO  manager.ListenerWD - Before find element By ----> By.id: lastName
11:28:39.124 INFO  manager.ListenerWD - After find element By ----> By.id: lastName
11:28:39.387 INFO  manager.ListenerWD - Before find element By ----> By.id: email
11:28:39.400 INFO  manager.ListenerWD - After find element By ----> By.id: email
11:28:39.682 INFO  manager.ListenerWD - Before find element By ----> By.id: password
11:28:39.698 INFO  manager.ListenerWD - After find element By ----> By.id: password
11:28:39.968 INFO  manager.ListenerWD - Before find element By ----> By.cssSelector: label[for='terms-of-use']
11:28:39.980 INFO  manager.ListenerWD - After find element By ----> By.cssSelector: label[for='terms-of-use']
11:28:40.155 INFO  manager.ListenerWD - Before find element By ----> By.cssSelector: button[type='submit']
11:28:40.167 INFO  manager.ListenerWD - After find element By ----> By.cssSelector: button[type='submit']
11:28:40.201 INFO  manager.ListenerWD - Before find element By ----> By.cssSelector: button[type='submit']
11:28:40.212 INFO  manager.ListenerWD - After find element By ----> By.cssSelector: button[type='submit']
11:28:40.455 INFO  manager.ListenerWD - Before find element By ----> By.cssSelector: div.dialog-container
11:28:40.777 INFO  manager.ListenerWD - After find element By ----> By.cssSelector: div.dialog-container
11:28:42.851 INFO  manager.ListenerWD - Before find element By ----> By.cssSelector: div.dialog-container>h1
11:28:42.874 INFO  manager.ListenerWD - After find element By ----> By.cssSelector: div.dialog-container>h1
11:28:42.896 INFO  TestBase - Start test with name:loginSuccess
11:28:42.897 INFO  TestBase - Start checking authorisation
11:28:42.897 INFO  manager.ListenerWD - Before find elements By ----> By.xpath: //a[text()=' Logout ']
11:28:42.910 INFO  manager.ListenerWD - After find elements By ----> By.xpath: //a[text()=' Logout ']
11:28:42.910 INFO  manager.ListenerWD - List size ---1
11:28:42.910 INFO  manager.ListenerWD - Before find element By ----> By.xpath: //a[text()=' Logout ']
11:28:42.922 INFO  manager.ListenerWD - After find element By ----> By.xpath: //a[text()=' Logout ']
11:28:42.958 INFO  manager.ListenerWD - We have a 'PROBLEM'
11:28:42.958 INFO  manager.ListenerWD - The name of error method ---click
11:28:42.961 INFO  manager.ListenerWD - Describe of error ---org.openqa.selenium.ElementClickInterceptedException: Element <a class="navigation-link ng-star-inserted" href="/logout?url=undefined"> is not clickable at point (895,34) because another element <div class="cdk-overlay-backdrop cdk-overlay-dark-backdrop cdk-overlay-backdrop-showing"> obscures it
Build info: version: '4.4.0', revision: 'e5c75ed026a'
System info: host: 'LAPTOP-MOSO9MHA', ip: '192.168.1.12', os.name: 'Windows 10', os.arch: 'amd64', os.version: '10.0', java.version: '11.0.16.1'
Driver info: org.openqa.selenium.firefox.FirefoxDriver
Command: [3a207527-e840-4e66-a062-cbe3e7bc27c7, clickElement {id=0345507d-7a79-4a51-8705-e19540d928fc}]
Capabilities {acceptInsecureCerts: true, browserName: firefox, browserVersion: 72.0.2, moz:accessibilityChecks: false, moz:buildID: 20200117190643, moz:geckodriverVersion: 0.32.0, moz:headless: false, moz:processID: 10308, moz:profile: C:\Users\User\AppData\Local..., moz:shutdownTimeout: 60000, moz:useNonSpecCompliantPointerOrigin: false, moz:webdriverClick: true, pageLoadStrategy: normal, platformName: WINDOWS, platformVersion: 10.0, rotatable: false, setWindowRect: true, strictFileInteractability: false, timeouts: {implicit: 0, pageLoad: 300000, script: 30000}, unhandledPromptBehavior: dismiss and notify}
Element: [[FirefoxDriver: firefox on WINDOWS (3a207527-e840-4e66-a062-cbe3e7bc27c7)] -> xpath: //a[text()=' Logout ']]
Session ID: 3a207527-e840-4e66-a062-cbe3e7bc27c7
11:28:42.961 INFO  manager.ListenerWD - **********
11:28:42.962 INFO  manager.ListenerWD - [[FirefoxDriver: firefox on WINDOWS (3a207527-e840-4e66-a062-cbe3e7bc27c7)] -> xpath: //a[text()=' Logout ']]
11:28:42.967 INFO  manager.ListenerWD - Screen with error is :1402  src/test/screenshots/screen1402.png
